11-24 18:47:26 com_github_MitjaNemec_ReplicateLayout.action_replicate_layout 392:Plugin executed on: 'darwin'
11-24 18:47:26 com_github_MitjaNemec_ReplicateLayout.action_replicate_layout 393:Plugin executed with python version: '3.9.13 (v3.9.13:6de2ca5339, May 17 2022, 11:37:23) \n[Clang 13.0.0 (clang-1300.0.29.30)]'
11-24 18:47:26 com_github_MitjaNemec_ReplicateLayout.action_replicate_layout 394:KiCad build version: 8.0.6
11-24 18:47:26 com_github_MitjaNemec_ReplicateLayout.action_replicate_layout 395:Plugin version: 3.0.3
11-24 18:47:26 com_github_MitjaNemec_ReplicateLayout.action_replicate_layout 396:Frame repr: <wx._core.Frame object at 0x166196d30>
11-24 18:47:26 com_github_MitjaNemec_ReplicateLayout.action_replicate_layout 420:Preparing replicator with U2 as a reference
11-24 18:47:26 com_github_MitjaNemec_ReplicateLayout.replicate_layout 117:getting a list of all footprints on board
11-24 18:47:26 com_github_MitjaNemec_ReplicateLayout.action_replicate_layout 468:source anchor footprint is 'U2'
Located on: ['LED Matrix First Half']
With filenames: ['Subsheets/LED_Matrix.kicad_sch']
With sheet_id:['LED Matrix First Half']
11-24 18:47:26 com_github_MitjaNemec_ReplicateLayout.action_replicate_layout 475:Corresponding footprints are 
[('U7', ['LED Matrix Second Half']), ('U2', ['LED Matrix First Half'])]
11-24 18:47:26 com_github_MitjaNemec_ReplicateLayout.action_replicate_layout 487:Showing dialog
11-24 18:47:26 com_github_MitjaNemec_ReplicateLayout.replicate_layout 472:constructing a list of sheets suitable for replication on level:'LED Matrix First Half', file:'Subsheets/LED_Matrix.kicad_sch'
11-24 18:47:26 com_github_MitjaNemec_ReplicateLayout.replicate_layout 509:suitable sheets are:[['LED Matrix Second Half']]
11-24 18:47:26 com_github_MitjaNemec_ReplicateLayout.replicate_layout 1507:Level selected: ['LED Matrix First Half']
11-24 18:47:26 com_github_MitjaNemec_ReplicateLayout.replicate_layout 1331:Filtering list of tracks
11-24 18:47:26 com_github_MitjaNemec_ReplicateLayout.action_replicate_layout 493:Toolbar position: wx.Point(-34, 87)
11-24 18:47:26 com_github_MitjaNemec_ReplicateLayout.action_replicate_layout 498:Dialog position: wx.Point(-473, 87)
11-24 18:47:34 com_github_MitjaNemec_ReplicateLayout.replicate_layout 472:constructing a list of sheets suitable for replication on level:'LED Matrix First Half', file:'Subsheets/LED_Matrix.kicad_sch'
11-24 18:47:34 com_github_MitjaNemec_ReplicateLayout.replicate_layout 509:suitable sheets are:[['LED Matrix Second Half']]
11-24 18:47:34 com_github_MitjaNemec_ReplicateLayout.action_replicate_layout 240:Replicating layout
11-24 18:47:34 com_github_MitjaNemec_ReplicateLayout.replicate_layout 288:Starting replication of sheets: [['LED Matrix Second Half']]
on level: ['LED Matrix First Half']
with tracks=True, zone=True, text=True, text=True, intersecting=False, remove=False, locked footprints=False, group_only=False
11-24 18:47:34 root 332:updating GUI message: 'Preparing for replication'
11-24 18:47:34 root 337:updating GUI with: 0
11-24 18:47:34 com_github_MitjaNemec_ReplicateLayout.replicate_layout 358:Getting the list of source footprints
11-24 18:47:34 root 337:updating GUI with: 0
11-24 18:47:34 com_github_MitjaNemec_ReplicateLayout.replicate_layout 368:Getting the list of all the remaining footprints
11-24 18:47:34 com_github_MitjaNemec_ReplicateLayout.replicate_layout 375:Getting source tracks
11-24 18:47:34 com_github_MitjaNemec_ReplicateLayout.replicate_layout 1331:Filtering list of tracks
11-24 18:47:34 com_github_MitjaNemec_ReplicateLayout.replicate_layout 379:Getting source zones
11-24 18:47:34 com_github_MitjaNemec_ReplicateLayout.replicate_layout 383:Getting source text items
11-24 18:47:34 com_github_MitjaNemec_ReplicateLayout.replicate_layout 387:Getting source drawing items
11-24 18:47:34 root 332:updating GUI message: 'Replicating footprints'
11-24 18:47:34 com_github_MitjaNemec_ReplicateLayout.replicate_layout 861:Replicating footprints
11-24 18:47:34 com_github_MitjaNemec_ReplicateLayout.replicate_layout 868:Replicating footprints on sheet ['LED Matrix Second Half']
11-24 18:47:34 com_github_MitjaNemec_ReplicateLayout.replicate_layout 985:Src text UUid:f34a2708-5fdd-44b2-bdc8-46d8ad73f9a5
11-24 18:47:34 com_github_MitjaNemec_ReplicateLayout.replicate_layout 986:Dst text UUid:434b65b9-67f2-4524-a038-cad6dc9a9f22
11-24 18:47:34 com_github_MitjaNemec_ReplicateLayout.replicate_layout 985:Src text UUid:03c14fc7-5115-43c7-9da1-f6e4e4a08a25
11-24 18:47:34 com_github_MitjaNemec_ReplicateLayout.replicate_layout 986:Dst text UUid:09ba83da-c19d-4999-8aac-befffba3d9a2
11-24 18:47:34 com_github_MitjaNemec_ReplicateLayout.replicate_layout 985:Src text UUid:2d5238cc-6d33-4173-bb76-454bd9ff4f70
11-24 18:47:34 com_github_MitjaNemec_ReplicateLayout.replicate_layout 986:Dst text UUid:1518686c-ac60-4582-9b27-4a7a33f0cfb9
11-24 18:47:34 com_github_MitjaNemec_ReplicateLayout.replicate_layout 985:Src text UUid:07cb4169-0846-48af-9ff2-cebd3093e568
11-24 18:47:34 com_github_MitjaNemec_ReplicateLayout.replicate_layout 986:Dst text UUid:947d89f6-bc48-4ea8-969e-a9b9be8c696a
11-24 18:47:34 com_github_MitjaNemec_ReplicateLayout.replicate_layout 985:Src text UUid:6f13359e-ca14-4327-9da0-19820300e084
11-24 18:47:34 com_github_MitjaNemec_ReplicateLayout.replicate_layout 986:Dst text UUid:f2f28ea5-bf7a-49a1-9470-f104444e60f6
11-24 18:47:34 com_github_MitjaNemec_ReplicateLayout.replicate_layout 985:Src text UUid:b4813b16-7564-4b8f-848b-2c94dbbc6a8b
11-24 18:47:34 com_github_MitjaNemec_ReplicateLayout.replicate_layout 986:Dst text UUid:c7d5921a-a353-4dd7-82e3-2c40c44c4c38
11-24 18:47:34 com_github_MitjaNemec_ReplicateLayout.replicate_layout 985:Src text UUid:f24310d0-f66f-45f3-957d-bcd1fa47ae73
11-24 18:47:34 com_github_MitjaNemec_ReplicateLayout.replicate_layout 986:Dst text UUid:a0e4d3a1-7144-4144-ad14-09c05bf0da23
11-24 18:47:34 com_github_MitjaNemec_ReplicateLayout.replicate_layout 985:Src text UUid:b85df3e4-4f4c-4614-91fc-3b9fe9c4d8d6
11-24 18:47:34 com_github_MitjaNemec_ReplicateLayout.replicate_layout 986:Dst text UUid:5ec6dff6-74d5-47c3-aff7-0416c8a4da3d
11-24 18:47:34 com_github_MitjaNemec_ReplicateLayout.replicate_layout 985:Src text UUid:c866c4f4-23c7-4028-a2c3-cc5106f71d50
11-24 18:47:34 com_github_MitjaNemec_ReplicateLayout.replicate_layout 986:Dst text UUid:b79c379d-c9be-43a5-9fe7-0eff15b1bff9
11-24 18:47:34 com_github_MitjaNemec_ReplicateLayout.replicate_layout 985:Src text UUid:fd4dc908-3aa6-4430-8151-43b62e152513
11-24 18:47:34 com_github_MitjaNemec_ReplicateLayout.replicate_layout 986:Dst text UUid:dcfe0557-5b03-4e11-9e8a-8b5e6a1eb637
11-24 18:47:34 com_github_MitjaNemec_ReplicateLayout.replicate_layout 985:Src text UUid:14d3dff3-e10d-4f87-8a5c-1e8765745a9b
11-24 18:47:34 com_github_MitjaNemec_ReplicateLayout.replicate_layout 986:Dst text UUid:d93bb7ea-e091-46c1-ba4c-03c46870d884
11-24 18:47:34 com_github_MitjaNemec_ReplicateLayout.replicate_layout 985:Src text UUid:5ecc7605-d0c7-44f9-b9e9-d2480ab5bbc8
11-24 18:47:34 com_github_MitjaNemec_ReplicateLayout.replicate_layout 986:Dst text UUid:96c5a315-ff80-4481-98e7-4e6348ec8401
11-24 18:47:34 com_github_MitjaNemec_ReplicateLayout.replicate_layout 985:Src text UUid:7f7ee627-39ec-4591-9cea-3855cc0ccbb3
11-24 18:47:34 com_github_MitjaNemec_ReplicateLayout.replicate_layout 986:Dst text UUid:b2587fa1-3cde-43ac-9bd7-6fabb5a234c9
11-24 18:47:34 com_github_MitjaNemec_ReplicateLayout.replicate_layout 985:Src text UUid:cc693924-b487-49b9-bc95-647468b0250b
11-24 18:47:34 com_github_MitjaNemec_ReplicateLayout.replicate_layout 986:Dst text UUid:b9038b07-8414-459f-8f66-443fcdb53fb5
11-24 18:47:34 com_github_MitjaNemec_ReplicateLayout.replicate_layout 985:Src text UUid:77bce140-5e7a-441a-adca-04c53c90f042
11-24 18:47:34 com_github_MitjaNemec_ReplicateLayout.replicate_layout 986:Dst text UUid:40a79a07-a07f-460c-9d07-9c75583fbfba
11-24 18:47:34 com_github_MitjaNemec_ReplicateLayout.replicate_layout 985:Src text UUid:4d277d74-3bcc-4b2b-91fb-afb676a56ee7
11-24 18:47:34 com_github_MitjaNemec_ReplicateLayout.replicate_layout 986:Dst text UUid:af3c57c3-4b09-4c55-8571-ca9331f8b9fd
11-24 18:47:34 com_github_MitjaNemec_ReplicateLayout.replicate_layout 985:Src text UUid:41c8e2da-2b49-4e5c-91ef-1ec725194cf5
11-24 18:47:34 com_github_MitjaNemec_ReplicateLayout.replicate_layout 986:Dst text UUid:ad014ebf-c3b9-4164-b895-e203aeb14401
11-24 18:47:34 com_github_MitjaNemec_ReplicateLayout.replicate_layout 985:Src text UUid:215667e3-6878-42c7-b788-f837e83c9231
11-24 18:47:34 com_github_MitjaNemec_ReplicateLayout.replicate_layout 986:Dst text UUid:b87ab390-b0f0-4d3b-b0be-048a551141d7
11-24 18:47:34 com_github_MitjaNemec_ReplicateLayout.replicate_layout 985:Src text UUid:0697a9e6-12d5-4f3e-9e1d-5d396c7396c8
11-24 18:47:34 com_github_MitjaNemec_ReplicateLayout.replicate_layout 986:Dst text UUid:fc0cab88-7ddf-4b6f-b650-249cf002516f
11-24 18:47:34 com_github_MitjaNemec_ReplicateLayout.replicate_layout 985:Src text UUid:488a97a3-abac-455a-9c2a-88689f2f1ce5
11-24 18:47:34 com_github_MitjaNemec_ReplicateLayout.replicate_layout 986:Dst text UUid:da5d984f-b1f8-4d11-a22f-dbbafb4b76b5
11-24 18:47:34 com_github_MitjaNemec_ReplicateLayout.replicate_layout 985:Src text UUid:91396b80-dc14-4777-97ec-74f78b3b1822
11-24 18:47:34 com_github_MitjaNemec_ReplicateLayout.replicate_layout 986:Dst text UUid:f3d9e607-da4d-49d2-942d-203696c9f8f3
11-24 18:47:34 root 337:updating GUI with: 8
11-24 18:47:34 com_github_MitjaNemec_ReplicateLayout.replicate_layout 985:Src text UUid:06a1ca72-d045-4070-a189-cf26844d453e
11-24 18:47:34 com_github_MitjaNemec_ReplicateLayout.replicate_layout 986:Dst text UUid:9d40081a-e5b5-49be-90d5-11236864b01c
11-24 18:47:34 com_github_MitjaNemec_ReplicateLayout.replicate_layout 985:Src text UUid:f890ae78-b3b7-4d1d-9f3c-9d990e2eb928
11-24 18:47:34 com_github_MitjaNemec_ReplicateLayout.replicate_layout 986:Dst text UUid:9032a798-2f94-46bd-8524-debbcf3e0caf
11-24 18:47:34 com_github_MitjaNemec_ReplicateLayout.replicate_layout 985:Src text UUid:910c360d-5212-4f2c-aeef-22eca293819f
11-24 18:47:34 com_github_MitjaNemec_ReplicateLayout.replicate_layout 986:Dst text UUid:f0f5d6f8-3321-422e-8b94-f23d744d638a
11-24 18:47:34 com_github_MitjaNemec_ReplicateLayout.replicate_layout 985:Src text UUid:e025458c-cd35-4068-8cef-7a9e6506cd3c
11-24 18:47:34 com_github_MitjaNemec_ReplicateLayout.replicate_layout 986:Dst text UUid:914b330b-5592-41d6-a66a-9a2a185143e5
11-24 18:47:34 com_github_MitjaNemec_ReplicateLayout.replicate_layout 985:Src text UUid:3851b2d5-7737-4e69-9d4f-c8bbf6a6487f
11-24 18:47:34 com_github_MitjaNemec_ReplicateLayout.replicate_layout 986:Dst text UUid:f813a14c-8130-4bdf-a2cb-164b4a758180
11-24 18:47:34 com_github_MitjaNemec_ReplicateLayout.replicate_layout 985:Src text UUid:5222f534-f28b-4969-889f-62571718a12f
11-24 18:47:34 com_github_MitjaNemec_ReplicateLayout.replicate_layout 986:Dst text UUid:ecec48bd-5ad1-4373-a1f6-e6369957a67b
11-24 18:47:34 com_github_MitjaNemec_ReplicateLayout.replicate_layout 985:Src text UUid:371fb9db-9a78-4258-9777-6a2a5ab316c2
11-24 18:47:34 com_github_MitjaNemec_ReplicateLayout.replicate_layout 986:Dst text UUid:36ebaabd-8ecf-494e-a759-a31cb518ef26
11-24 18:47:34 com_github_MitjaNemec_ReplicateLayout.replicate_layout 985:Src text UUid:6d77a3f1-eb7f-4691-b5c1-8710ecba9715
11-24 18:47:34 com_github_MitjaNemec_ReplicateLayout.replicate_layout 986:Dst text UUid:18345cf7-4551-47f0-8ea2-65142571cf95
11-24 18:47:34 com_github_MitjaNemec_ReplicateLayout.replicate_layout 985:Src text UUid:64452140-7685-4602-979b-1de2b46d9c5a
11-24 18:47:34 com_github_MitjaNemec_ReplicateLayout.replicate_layout 986:Dst text UUid:f9d95fa6-ca6a-4976-bd64-3f9d285bb503
11-24 18:47:34 com_github_MitjaNemec_ReplicateLayout.replicate_layout 985:Src text UUid:3002088f-b5c4-4858-9055-68601056606c
11-24 18:47:34 com_github_MitjaNemec_ReplicateLayout.replicate_layout 986:Dst text UUid:3030fa42-79ef-4894-81ba-9ab2a7ea75d0
11-24 18:47:34 com_github_MitjaNemec_ReplicateLayout.replicate_layout 985:Src text UUid:995afeaa-4915-4177-a5d8-ce885f2b09e6
11-24 18:47:34 com_github_MitjaNemec_ReplicateLayout.replicate_layout 986:Dst text UUid:c30d472e-03a2-4f9d-8168-b8f11ea37f4b
11-24 18:47:34 com_github_MitjaNemec_ReplicateLayout.replicate_layout 985:Src text UUid:8ea95f78-467e-4bc4-8404-c89c83ac0396
11-24 18:47:34 com_github_MitjaNemec_ReplicateLayout.replicate_layout 986:Dst text UUid:50240ad7-3b1c-46b5-b279-dfd8ee9ec687
11-24 18:47:34 com_github_MitjaNemec_ReplicateLayout.replicate_layout 985:Src text UUid:944b6f26-e314-462f-8881-1476a7a379bd
11-24 18:47:34 com_github_MitjaNemec_ReplicateLayout.replicate_layout 986:Dst text UUid:2e2dce33-d284-4312-819a-b0d5465a1db1
11-24 18:47:34 com_github_MitjaNemec_ReplicateLayout.replicate_layout 985:Src text UUid:4896a8b9-c54d-4782-ac37-175092f551e3
11-24 18:47:34 com_github_MitjaNemec_ReplicateLayout.replicate_layout 986:Dst text UUid:c3673283-233b-4f12-a3c0-003cbc47359b
11-24 18:47:34 com_github_MitjaNemec_ReplicateLayout.replicate_layout 985:Src text UUid:91e9776f-e75d-437d-8e7a-7bb4662aabfd
11-24 18:47:34 com_github_MitjaNemec_ReplicateLayout.replicate_layout 986:Dst text UUid:62a0d4c8-93e9-4ecf-acf8-284c826ba223
11-24 18:47:34 com_github_MitjaNemec_ReplicateLayout.replicate_layout 985:Src text UUid:2c3c3775-a47f-44b7-9adf-d9b9ce82bcc7
11-24 18:47:34 com_github_MitjaNemec_ReplicateLayout.replicate_layout 986:Dst text UUid:164970bd-e56c-44d2-9e1c-9fa5fa707906
11-24 18:47:34 com_github_MitjaNemec_ReplicateLayout.replicate_layout 985:Src text UUid:d2cc1c56-a0f1-464d-9f68-df1d211e752c
11-24 18:47:34 com_github_MitjaNemec_ReplicateLayout.replicate_layout 986:Dst text UUid:7c7e8737-7351-49d9-9b45-7607b126704c
11-24 18:47:34 com_github_MitjaNemec_ReplicateLayout.replicate_layout 985:Src text UUid:ea1e492c-5c43-45fa-b52c-5e3556136c60
11-24 18:47:34 com_github_MitjaNemec_ReplicateLayout.replicate_layout 986:Dst text UUid:260a9dd1-0e8a-402b-bad4-0be47891be8d
11-24 18:47:34 com_github_MitjaNemec_ReplicateLayout.replicate_layout 985:Src text UUid:2a085f80-48b2-4a5c-b97c-e3f74cd3b988
11-24 18:47:34 com_github_MitjaNemec_ReplicateLayout.replicate_layout 986:Dst text UUid:343cb924-f7b2-48f6-ac40-172b1902db3b
11-24 18:47:34 com_github_MitjaNemec_ReplicateLayout.replicate_layout 985:Src text UUid:61b1731c-a484-4f5a-a5eb-9aedf4a1fa5c
11-24 18:47:34 com_github_MitjaNemec_ReplicateLayout.replicate_layout 986:Dst text UUid:19ab6bfb-6815-4a5a-9c22-db1684abf555
11-24 18:47:34 com_github_MitjaNemec_ReplicateLayout.replicate_layout 985:Src text UUid:4498165f-8b01-4d87-86d5-3f22dc03fd82
11-24 18:47:34 com_github_MitjaNemec_ReplicateLayout.replicate_layout 986:Dst text UUid:2f67d213-a91b-44a5-b37f-cf53062a1ccc
11-24 18:47:34 com_github_MitjaNemec_ReplicateLayout.replicate_layout 985:Src text UUid:1909d190-2424-4f04-b103-17197df2d23b
11-24 18:47:34 com_github_MitjaNemec_ReplicateLayout.replicate_layout 986:Dst text UUid:f00d59fe-0ba4-4776-9e3f-506f99c3b87a
11-24 18:47:34 com_github_MitjaNemec_ReplicateLayout.replicate_layout 985:Src text UUid:b06f13a5-34b6-4630-ab62-d1d4fe2245d2
11-24 18:47:34 com_github_MitjaNemec_ReplicateLayout.replicate_layout 986:Dst text UUid:3725789c-2998-4018-b244-410d20b80373
11-24 18:47:34 com_github_MitjaNemec_ReplicateLayout.replicate_layout 985:Src text UUid:2d9f5919-984d-465f-ab0a-eb49ca5429a8
11-24 18:47:34 com_github_MitjaNemec_ReplicateLayout.replicate_layout 986:Dst text UUid:a49f5830-9431-4c06-995b-2a1b3640e6cb
11-24 18:47:34 com_github_MitjaNemec_ReplicateLayout.replicate_layout 985:Src text UUid:1fbe7139-c94b-409f-8386-a43c0c6c02a5
11-24 18:47:34 com_github_MitjaNemec_ReplicateLayout.replicate_layout 986:Dst text UUid:e6358235-9b83-48ec-8f50-b80f37e3255b
11-24 18:47:34 com_github_MitjaNemec_ReplicateLayout.replicate_layout 985:Src text UUid:4e621dae-55f0-4944-bf4a-82e832b6bfa6
11-24 18:47:34 com_github_MitjaNemec_ReplicateLayout.replicate_layout 986:Dst text UUid:d2794dcb-b484-4202-9303-63614b4563a2
11-24 18:47:34 com_github_MitjaNemec_ReplicateLayout.replicate_layout 985:Src text UUid:3c007ef9-c36f-4af1-a9c1-ad27acb81c41
11-24 18:47:34 com_github_MitjaNemec_ReplicateLayout.replicate_layout 986:Dst text UUid:23b2d7b9-6100-482b-816c-f0fffed39611
11-24 18:47:34 com_github_MitjaNemec_ReplicateLayout.replicate_layout 985:Src text UUid:c81bd76e-5e37-439c-93e9-cbc25063aee6
11-24 18:47:34 com_github_MitjaNemec_ReplicateLayout.replicate_layout 986:Dst text UUid:ee410154-0132-4fc0-be73-bc4b935113b8
11-24 18:47:34 com_github_MitjaNemec_ReplicateLayout.replicate_layout 985:Src text UUid:aa740c2e-6d23-4df1-acfc-3912fc6b09b9
11-24 18:47:34 com_github_MitjaNemec_ReplicateLayout.replicate_layout 986:Dst text UUid:26db68e7-48b6-43f2-87b6-e42d7eb84c14
11-24 18:47:34 com_github_MitjaNemec_ReplicateLayout.replicate_layout 985:Src text UUid:5f56c1fd-cac0-4423-afe5-48a1ba1c8e27
11-24 18:47:34 com_github_MitjaNemec_ReplicateLayout.replicate_layout 986:Dst text UUid:973e3145-7d5a-40b5-b8bc-fb4805f0139a
11-24 18:47:34 com_github_MitjaNemec_ReplicateLayout.replicate_layout 985:Src text UUid:a307d6b0-1468-4fbc-a073-c34a7799dee0
11-24 18:47:34 com_github_MitjaNemec_ReplicateLayout.replicate_layout 986:Dst text UUid:bbfd3f40-8bc1-446a-9960-c6699aadac0a
11-24 18:47:34 com_github_MitjaNemec_ReplicateLayout.replicate_layout 985:Src text UUid:e0291690-512b-4f82-b16d-a21eef924679
11-24 18:47:34 com_github_MitjaNemec_ReplicateLayout.replicate_layout 986:Dst text UUid:37c3cc64-db3b-4390-9632-4f40fb539770
11-24 18:47:34 com_github_MitjaNemec_ReplicateLayout.replicate_layout 985:Src text UUid:4e9701f3-040d-4887-b13e-8463040ba2fb
11-24 18:47:34 com_github_MitjaNemec_ReplicateLayout.replicate_layout 986:Dst text UUid:6195e99b-cee9-40e1-ae8d-875b7baa4c24
11-24 18:47:34 com_github_MitjaNemec_ReplicateLayout.replicate_layout 985:Src text UUid:6e159de0-533c-4e69-8882-972e744e8e1d
11-24 18:47:34 com_github_MitjaNemec_ReplicateLayout.replicate_layout 986:Dst text UUid:ae77b874-7f37-4c31-83fe-cdc101287cf5
11-24 18:47:34 com_github_MitjaNemec_ReplicateLayout.replicate_layout 985:Src text UUid:2e7f9cad-a062-4a28-bf56-8e6b056bcceb
11-24 18:47:34 com_github_MitjaNemec_ReplicateLayout.replicate_layout 986:Dst text UUid:209f08c8-4f16-434c-aa79-943fb0360b91
11-24 18:47:34 com_github_MitjaNemec_ReplicateLayout.replicate_layout 985:Src text UUid:5b7a4370-b9f4-417d-b7e3-1a6d8cbea6a9
11-24 18:47:34 com_github_MitjaNemec_ReplicateLayout.replicate_layout 986:Dst text UUid:f3158daf-d91d-4726-b4eb-80eec7b253ac
11-24 18:47:34 com_github_MitjaNemec_ReplicateLayout.replicate_layout 985:Src text UUid:bd8f3543-2555-4006-8100-b08ffaf11e91
11-24 18:47:34 com_github_MitjaNemec_ReplicateLayout.replicate_layout 986:Dst text UUid:7c48f3fa-78ca-4b83-b733-b2a8390673c7
11-24 18:47:34 com_github_MitjaNemec_ReplicateLayout.replicate_layout 985:Src text UUid:9b48454f-d337-4b07-a4b5-e345d984a61c
11-24 18:47:34 com_github_MitjaNemec_ReplicateLayout.replicate_layout 986:Dst text UUid:da162e31-b8fd-4977-b30e-c9e5fc8140b2
11-24 18:47:34 com_github_MitjaNemec_ReplicateLayout.replicate_layout 985:Src text UUid:7b111169-25da-42eb-b44f-b8f65be9d9bc
11-24 18:47:34 com_github_MitjaNemec_ReplicateLayout.replicate_layout 986:Dst text UUid:94e9482b-1db2-4736-93ca-99e1bd91c734
11-24 18:47:34 com_github_MitjaNemec_ReplicateLayout.replicate_layout 985:Src text UUid:6fbb84ec-feb3-4024-a084-6bbf88d6cdee
11-24 18:47:34 com_github_MitjaNemec_ReplicateLayout.replicate_layout 986:Dst text UUid:6e98235b-7b87-48e1-9454-a61f69bb269e
11-24 18:47:34 com_github_MitjaNemec_ReplicateLayout.replicate_layout 985:Src text UUid:33bbc567-8e8f-4ad3-af04-27b572741138
11-24 18:47:34 com_github_MitjaNemec_ReplicateLayout.replicate_layout 986:Dst text UUid:effbe853-0894-4d66-8b1e-18bdecd0c14c
11-24 18:47:34 com_github_MitjaNemec_ReplicateLayout.replicate_layout 985:Src text UUid:71de4a63-93ab-4611-921b-c2723c7a137d
11-24 18:47:34 com_github_MitjaNemec_ReplicateLayout.replicate_layout 986:Dst text UUid:588287b2-3685-4d9e-83d6-e083f362d768
11-24 18:47:34 com_github_MitjaNemec_ReplicateLayout.replicate_layout 985:Src text UUid:2999fb76-5e93-46b8-be95-79083efddece
11-24 18:47:34 com_github_MitjaNemec_ReplicateLayout.replicate_layout 986:Dst text UUid:c36ce3e4-b54a-4418-a92b-febf38b6b28b
11-24 18:47:34 com_github_MitjaNemec_ReplicateLayout.replicate_layout 985:Src text UUid:60fa4c33-d014-46c8-a632-ed4f39ada662
11-24 18:47:34 com_github_MitjaNemec_ReplicateLayout.replicate_layout 986:Dst text UUid:2a0e2863-2a67-4e79-88fc-ab454859b6e5
11-24 18:47:34 com_github_MitjaNemec_ReplicateLayout.replicate_layout 985:Src text UUid:45a084f9-addf-4dec-8f6f-33bfdd7c4792
11-24 18:47:34 com_github_MitjaNemec_ReplicateLayout.replicate_layout 986:Dst text UUid:94882a5c-215f-4e41-a050-cb0f44047e0b
11-24 18:47:34 com_github_MitjaNemec_ReplicateLayout.replicate_layout 985:Src text UUid:ab93bba0-c644-4c44-9192-cfc172e10be6
11-24 18:47:34 com_github_MitjaNemec_ReplicateLayout.replicate_layout 986:Dst text UUid:e0393249-095f-46d4-b46f-e9c1f54da592
11-24 18:47:34 com_github_MitjaNemec_ReplicateLayout.replicate_layout 985:Src text UUid:29186f48-2d86-4707-a035-7324ee36418e
11-24 18:47:34 com_github_MitjaNemec_ReplicateLayout.replicate_layout 986:Dst text UUid:a1cb6120-528a-4287-b474-0c3c4724ed46
11-24 18:47:34 com_github_MitjaNemec_ReplicateLayout.replicate_layout 985:Src text UUid:e8906818-6726-43e8-ba64-ca901f7414b3
11-24 18:47:34 com_github_MitjaNemec_ReplicateLayout.replicate_layout 986:Dst text UUid:52b76ad4-45df-48d1-be57-13a71cc58d63
11-24 18:47:34 com_github_MitjaNemec_ReplicateLayout.replicate_layout 985:Src text UUid:5c14e533-bc03-4863-942e-855acdbd2e67
11-24 18:47:34 com_github_MitjaNemec_ReplicateLayout.replicate_layout 986:Dst text UUid:931a6703-353a-4ee9-9147-1f2f860d03d3
11-24 18:47:34 com_github_MitjaNemec_ReplicateLayout.replicate_layout 985:Src text UUid:9f98ae82-9109-4978-a9e6-0c2ba0cae1e2
11-24 18:47:34 com_github_MitjaNemec_ReplicateLayout.replicate_layout 986:Dst text UUid:5ecbceda-6bc4-444f-b784-9a6c8b302e08
11-24 18:47:34 com_github_MitjaNemec_ReplicateLayout.replicate_layout 985:Src text UUid:896c5dd9-cf93-4544-bac2-3557d8114439
11-24 18:47:34 com_github_MitjaNemec_ReplicateLayout.replicate_layout 986:Dst text UUid:fad1291e-c539-4b44-8903-7bbb5452935c
11-24 18:47:34 com_github_MitjaNemec_ReplicateLayout.replicate_layout 985:Src text UUid:79f8f783-3394-49a4-b7ac-67e631765776
11-24 18:47:34 com_github_MitjaNemec_ReplicateLayout.replicate_layout 986:Dst text UUid:32fe57b5-8cda-4b68-ab3c-62fe0269a580
11-24 18:47:34 com_github_MitjaNemec_ReplicateLayout.replicate_layout 985:Src text UUid:a5f5c448-d505-4a3f-99ec-ff9bd1835adf
11-24 18:47:34 com_github_MitjaNemec_ReplicateLayout.replicate_layout 986:Dst text UUid:fda5abe5-d20f-4913-ae65-50c92728a26a
11-24 18:47:34 com_github_MitjaNemec_ReplicateLayout.replicate_layout 985:Src text UUid:414bb702-f218-4816-ac7a-77fb3272b71b
11-24 18:47:34 com_github_MitjaNemec_ReplicateLayout.replicate_layout 986:Dst text UUid:5bcf5433-d2fa-45eb-863d-40823714e7e9
11-24 18:47:34 com_github_MitjaNemec_ReplicateLayout.replicate_layout 985:Src text UUid:5d8cfa23-3f63-4145-95f7-11257df600d1
11-24 18:47:34 com_github_MitjaNemec_ReplicateLayout.replicate_layout 986:Dst text UUid:c3688a03-6b08-4c10-ac04-02d503159056
11-24 18:47:34 com_github_MitjaNemec_ReplicateLayout.replicate_layout 985:Src text UUid:165232d7-175a-4692-b3ba-70ebdb953b84
11-24 18:47:34 com_github_MitjaNemec_ReplicateLayout.replicate_layout 986:Dst text UUid:66b9c3e3-7993-441f-9973-62059baab413
11-24 18:47:34 com_github_MitjaNemec_ReplicateLayout.replicate_layout 985:Src text UUid:7cb5ff34-b93b-49ed-8b58-972abf3e6700
11-24 18:47:34 com_github_MitjaNemec_ReplicateLayout.replicate_layout 986:Dst text UUid:21b59c9a-d5c4-4878-8426-2751b787eee0
11-24 18:47:34 com_github_MitjaNemec_ReplicateLayout.replicate_layout 985:Src text UUid:c7e8d1ab-cecb-4666-8b43-2c9be43c27cf
11-24 18:47:34 com_github_MitjaNemec_ReplicateLayout.replicate_layout 986:Dst text UUid:ae96d291-446c-4948-a5de-4fbb4b5a7195
11-24 18:47:34 com_github_MitjaNemec_ReplicateLayout.replicate_layout 985:Src text UUid:91f3049c-e190-44ce-a498-d7de1d3f4f14
11-24 18:47:34 com_github_MitjaNemec_ReplicateLayout.replicate_layout 986:Dst text UUid:e1f7f8ac-5c55-4238-b2e5-6fcb3088a129
11-24 18:47:34 com_github_MitjaNemec_ReplicateLayout.replicate_layout 985:Src text UUid:5509f0c4-f80c-4d8b-ba07-146fd2aa0a8d
11-24 18:47:34 com_github_MitjaNemec_ReplicateLayout.replicate_layout 986:Dst text UUid:07f6d246-77d7-4064-8902-e1a362b3ddb3
11-24 18:47:34 com_github_MitjaNemec_ReplicateLayout.replicate_layout 985:Src text UUid:23b73176-136c-4aa0-9f82-186f7086ec4c
11-24 18:47:34 com_github_MitjaNemec_ReplicateLayout.replicate_layout 986:Dst text UUid:c60bb70f-417d-438c-abce-b36e164a6848
11-24 18:47:34 com_github_MitjaNemec_ReplicateLayout.replicate_layout 985:Src text UUid:b96d5af2-530a-4f16-a8c0-5ec59c5f0236
11-24 18:47:34 com_github_MitjaNemec_ReplicateLayout.replicate_layout 986:Dst text UUid:14cc79f1-4d9d-4fd9-9b14-3229c16fc2fb
11-24 18:47:34 com_github_MitjaNemec_ReplicateLayout.replicate_layout 985:Src text UUid:17a6b5e8-def5-48db-9210-ef11a3e79d60
11-24 18:47:34 com_github_MitjaNemec_ReplicateLayout.replicate_layout 986:Dst text UUid:bcd20e9c-cee4-4e9c-b930-9c3f99b2c9fc
11-24 18:47:34 com_github_MitjaNemec_ReplicateLayout.replicate_layout 985:Src text UUid:95ac4605-ffdd-47cf-b70d-12c07f2ce0f3
11-24 18:47:34 com_github_MitjaNemec_ReplicateLayout.replicate_layout 986:Dst text UUid:6cf47f7d-aec4-47ea-825d-614121ceebd8
11-24 18:47:34 com_github_MitjaNemec_ReplicateLayout.replicate_layout 985:Src text UUid:f92febcb-ab22-4d61-ab9e-42d951281dc3
11-24 18:47:34 com_github_MitjaNemec_ReplicateLayout.replicate_layout 986:Dst text UUid:7c1e67f7-44bb-4321-af68-f9b4fdc349b4
11-24 18:47:34 com_github_MitjaNemec_ReplicateLayout.replicate_layout 985:Src text UUid:ded9d3f1-95f9-45f9-adfb-665dc14f1481
11-24 18:47:34 com_github_MitjaNemec_ReplicateLayout.replicate_layout 986:Dst text UUid:6916fe57-d716-4b94-bc24-427756e0e9f1
11-24 18:47:34 com_github_MitjaNemec_ReplicateLayout.replicate_layout 985:Src text UUid:31e83dac-5a35-48c9-8393-2c6447619ed1
11-24 18:47:34 com_github_MitjaNemec_ReplicateLayout.replicate_layout 986:Dst text UUid:c6b67dd0-d81e-4a14-8ccc-0407d3f37bd7
11-24 18:47:34 com_github_MitjaNemec_ReplicateLayout.replicate_layout 985:Src text UUid:ad55909c-b2fb-46d8-8821-0c8a3025686e
11-24 18:47:34 com_github_MitjaNemec_ReplicateLayout.replicate_layout 986:Dst text UUid:2a13f1e0-d1f7-4ab1-8773-9ae5998e5a59
11-24 18:47:34 com_github_MitjaNemec_ReplicateLayout.replicate_layout 985:Src text UUid:aa53d0e9-40e7-4491-92c7-f1400889b087
11-24 18:47:34 com_github_MitjaNemec_ReplicateLayout.replicate_layout 986:Dst text UUid:9ddcbdc1-3ddf-41c4-878d-1088260db8bc
11-24 18:47:34 com_github_MitjaNemec_ReplicateLayout.replicate_layout 985:Src text UUid:b805587a-bbf6-4278-9696-603d25cceae2
11-24 18:47:34 com_github_MitjaNemec_ReplicateLayout.replicate_layout 986:Dst text UUid:90695fe9-c806-40c9-90a8-f2e3ecb87c7c
11-24 18:47:34 com_github_MitjaNemec_ReplicateLayout.replicate_layout 985:Src text UUid:6bf299b7-a72b-4ea2-a720-e345101aea82
11-24 18:47:34 com_github_MitjaNemec_ReplicateLayout.replicate_layout 986:Dst text UUid:422a0280-cf2a-447f-a36d-17e5e6a0d49e
11-24 18:47:34 com_github_MitjaNemec_ReplicateLayout.replicate_layout 985:Src text UUid:4ea70e8e-6fb4-4846-940b-f165d4e3d6d7
11-24 18:47:34 com_github_MitjaNemec_ReplicateLayout.replicate_layout 986:Dst text UUid:b5b6cd9d-9dd0-49b4-b63c-1d3bb1a4b0bd
11-24 18:47:34 com_github_MitjaNemec_ReplicateLayout.replicate_layout 985:Src text UUid:b6d7d451-a079-426b-b454-248e18e037b9
11-24 18:47:34 com_github_MitjaNemec_ReplicateLayout.replicate_layout 986:Dst text UUid:06556b35-b0d9-4c28-9612-9b6e4ec44fb5
11-24 18:47:34 com_github_MitjaNemec_ReplicateLayout.replicate_layout 985:Src text UUid:f93f9a6f-be2a-4f7f-84d8-38d35ff43d21
11-24 18:47:34 com_github_MitjaNemec_ReplicateLayout.replicate_layout 986:Dst text UUid:64e91455-d912-4f66-a7d9-e4580413b9db
11-24 18:47:34 com_github_MitjaNemec_ReplicateLayout.replicate_layout 985:Src text UUid:cd20f39a-6fb4-45df-ad85-898b47924cf0
11-24 18:47:34 com_github_MitjaNemec_ReplicateLayout.replicate_layout 986:Dst text UUid:2a7789ea-f168-4892-986d-3b7600d64a0a
11-24 18:47:34 com_github_MitjaNemec_ReplicateLayout.replicate_layout 985:Src text UUid:4d7a268d-c050-4cd6-9f26-cc7107432dd6
11-24 18:47:34 com_github_MitjaNemec_ReplicateLayout.replicate_layout 986:Dst text UUid:03061702-c93b-4e33-8115-8a0e49268d17
11-24 18:47:34 com_github_MitjaNemec_ReplicateLayout.replicate_layout 985:Src text UUid:250de9ba-5f57-408a-93f5-1b249657506b
11-24 18:47:34 com_github_MitjaNemec_ReplicateLayout.replicate_layout 986:Dst text UUid:bdb6937b-64db-4733-a07d-819be5f7f6f1
11-24 18:47:34 com_github_MitjaNemec_ReplicateLayout.replicate_layout 985:Src text UUid:77e8d7ec-691f-485b-bc45-9d21df4f24a2
11-24 18:47:34 com_github_MitjaNemec_ReplicateLayout.replicate_layout 986:Dst text UUid:450696bb-8ff7-447c-873e-d107ddffb1d6
11-24 18:47:34 com_github_MitjaNemec_ReplicateLayout.replicate_layout 985:Src text UUid:9ea4d00b-f160-4198-afa8-206a08758cbb
11-24 18:47:34 com_github_MitjaNemec_ReplicateLayout.replicate_layout 986:Dst text UUid:7427a8af-79d7-4cf7-9813-94eea8822fc4
11-24 18:47:34 com_github_MitjaNemec_ReplicateLayout.replicate_layout 985:Src text UUid:d56e0777-c344-4f85-9ce8-37ae3f690bd8
11-24 18:47:34 com_github_MitjaNemec_ReplicateLayout.replicate_layout 986:Dst text UUid:be1f5dec-fd6d-48dc-a4f8-5eb31e9c684f
11-24 18:47:34 com_github_MitjaNemec_ReplicateLayout.replicate_layout 985:Src text UUid:be2b6fbc-af00-4f36-aaec-3c0b90f7d905
11-24 18:47:34 com_github_MitjaNemec_ReplicateLayout.replicate_layout 986:Dst text UUid:11bd2b11-db7e-45cf-9b6f-33ec151fdea7
11-24 18:47:34 com_github_MitjaNemec_ReplicateLayout.replicate_layout 985:Src text UUid:513a160e-6323-4ff8-9dca-144a1f71222a
11-24 18:47:34 com_github_MitjaNemec_ReplicateLayout.replicate_layout 986:Dst text UUid:524dda42-796d-40db-80c2-482e9e67cc07
11-24 18:47:34 com_github_MitjaNemec_ReplicateLayout.replicate_layout 985:Src text UUid:16a0611f-2628-4c78-9b08-c859da968e92
11-24 18:47:34 com_github_MitjaNemec_ReplicateLayout.replicate_layout 986:Dst text UUid:6d60d154-ba3f-41f2-84bf-608f1c9ce830
11-24 18:47:34 com_github_MitjaNemec_ReplicateLayout.replicate_layout 985:Src text UUid:7979cff3-fe5b-4e41-a760-a13df116a0fa
11-24 18:47:34 com_github_MitjaNemec_ReplicateLayout.replicate_layout 986:Dst text UUid:54537834-071b-4620-95a1-3fbfd0a68bc5
11-24 18:47:34 com_github_MitjaNemec_ReplicateLayout.replicate_layout 985:Src text UUid:aa72dbdc-b217-4db0-b272-ec6c7ef1f04f
11-24 18:47:34 com_github_MitjaNemec_ReplicateLayout.replicate_layout 986:Dst text UUid:6be5971c-2b26-49f7-8ea5-5ae502d99fbc
11-24 18:47:34 com_github_MitjaNemec_ReplicateLayout.replicate_layout 985:Src text UUid:7e760735-86d0-4d4b-ad9d-ac9517d6b395
11-24 18:47:34 com_github_MitjaNemec_ReplicateLayout.replicate_layout 986:Dst text UUid:28b6caa2-f234-47b8-8ecb-ec8c70ed66fd
11-24 18:47:34 com_github_MitjaNemec_ReplicateLayout.replicate_layout 985:Src text UUid:e559f8bf-eaae-4c19-a079-5781314cbc90
11-24 18:47:34 com_github_MitjaNemec_ReplicateLayout.replicate_layout 986:Dst text UUid:3ed83e3b-1fa4-46b7-a39a-200e12025d84
11-24 18:47:34 com_github_MitjaNemec_ReplicateLayout.replicate_layout 985:Src text UUid:e52111cb-7810-4088-9286-1e5dbe48e634
11-24 18:47:34 com_github_MitjaNemec_ReplicateLayout.replicate_layout 986:Dst text UUid:d614b135-d497-4ce3-839e-746e0f9d9a08
11-24 18:47:34 com_github_MitjaNemec_ReplicateLayout.replicate_layout 985:Src text UUid:8a1cfa30-cb10-4dbe-b300-39d8be7037af
11-24 18:47:34 com_github_MitjaNemec_ReplicateLayout.replicate_layout 986:Dst text UUid:3a1d9d41-676c-4306-91c6-df7b3f0b5bc1
11-24 18:47:34 com_github_MitjaNemec_ReplicateLayout.replicate_layout 985:Src text UUid:198a4ee4-efdb-423d-a8af-92a589949e1d
11-24 18:47:34 com_github_MitjaNemec_ReplicateLayout.replicate_layout 986:Dst text UUid:f3aa2032-a47b-40bd-b20d-22354ba43854
11-24 18:47:34 com_github_MitjaNemec_ReplicateLayout.replicate_layout 985:Src text UUid:45636f6c-4f96-4e13-9971-154c65fe5b12
11-24 18:47:34 com_github_MitjaNemec_ReplicateLayout.replicate_layout 986:Dst text UUid:69b7b2e9-0670-46f3-9d76-289a049a6af8
11-24 18:47:34 com_github_MitjaNemec_ReplicateLayout.replicate_layout 985:Src text UUid:7312bf86-18b4-4073-834e-1f747ddea54a
11-24 18:47:34 com_github_MitjaNemec_ReplicateLayout.replicate_layout 986:Dst text UUid:7c33623b-c0ae-4ee0-9f37-787063b52bc4
11-24 18:47:34 com_github_MitjaNemec_ReplicateLayout.replicate_layout 985:Src text UUid:6972aa63-931f-4210-b3a4-bec771a556eb
11-24 18:47:34 com_github_MitjaNemec_ReplicateLayout.replicate_layout 986:Dst text UUid:5505d137-b0af-47ac-812d-ef9af6560f32
11-24 18:47:34 com_github_MitjaNemec_ReplicateLayout.replicate_layout 985:Src text UUid:224f135a-5be4-4dfa-9cb6-37351acee4ab
11-24 18:47:34 com_github_MitjaNemec_ReplicateLayout.replicate_layout 986:Dst text UUid:9fcc5b15-9f1d-4576-9732-c19de7727130
11-24 18:47:34 com_github_MitjaNemec_ReplicateLayout.replicate_layout 985:Src text UUid:2f379109-716d-427b-b565-a54b9bae8d08
11-24 18:47:34 com_github_MitjaNemec_ReplicateLayout.replicate_layout 986:Dst text UUid:1f9457fd-af44-40a6-ba98-c9aa10a8ce45
11-24 18:47:34 com_github_MitjaNemec_ReplicateLayout.replicate_layout 985:Src text UUid:0fd305d3-5fc9-49cf-a30a-f54e62783844
11-24 18:47:34 com_github_MitjaNemec_ReplicateLayout.replicate_layout 986:Dst text UUid:a90b8c97-3ca2-49a0-aad0-29e3de11fc31
11-24 18:47:34 com_github_MitjaNemec_ReplicateLayout.replicate_layout 985:Src text UUid:86cb0e9b-1388-45e3-91fc-5341537cd720
11-24 18:47:34 com_github_MitjaNemec_ReplicateLayout.replicate_layout 986:Dst text UUid:90680d30-bf1f-43c9-85da-1152938400fb
11-24 18:47:34 com_github_MitjaNemec_ReplicateLayout.replicate_layout 985:Src text UUid:f0cc3269-0575-42a3-b6c1-a53e03d98796
11-24 18:47:34 com_github_MitjaNemec_ReplicateLayout.replicate_layout 986:Dst text UUid:b579eec3-127b-422b-8e4e-8f3f548e8e3e
11-24 18:47:34 com_github_MitjaNemec_ReplicateLayout.replicate_layout 985:Src text UUid:f43d82d2-05aa-48dd-a8c0-82cdb3da9545
11-24 18:47:34 com_github_MitjaNemec_ReplicateLayout.replicate_layout 986:Dst text UUid:3fb3c223-d722-48e3-af44-21baefbf862e
11-24 18:47:34 com_github_MitjaNemec_ReplicateLayout.replicate_layout 985:Src text UUid:3b4455d6-23a3-45b1-a0de-1a336738801b
11-24 18:47:34 com_github_MitjaNemec_ReplicateLayout.replicate_layout 986:Dst text UUid:c270cbbf-01a4-4a18-bf70-c5ffad7dca64
11-24 18:47:34 com_github_MitjaNemec_ReplicateLayout.replicate_layout 985:Src text UUid:c871f356-a4c9-4b1d-88a8-3ab5dd8b9416
11-24 18:47:34 com_github_MitjaNemec_ReplicateLayout.replicate_layout 986:Dst text UUid:069585bf-6fe4-4327-a074-379e591fa4a3
11-24 18:47:34 com_github_MitjaNemec_ReplicateLayout.replicate_layout 985:Src text UUid:2fbd6b63-657b-448c-8db2-4c9360163f3f
11-24 18:47:34 com_github_MitjaNemec_ReplicateLayout.replicate_layout 986:Dst text UUid:eb6d897a-a3ef-426a-b413-51ffb999b3b9
11-24 18:47:34 com_github_MitjaNemec_ReplicateLayout.replicate_layout 985:Src text UUid:51329708-4880-4b5e-85ba-e4049c724965
11-24 18:47:34 com_github_MitjaNemec_ReplicateLayout.replicate_layout 986:Dst text UUid:8288f57e-9c21-4167-b05a-a35f48a52e0d
11-24 18:47:34 com_github_MitjaNemec_ReplicateLayout.replicate_layout 985:Src text UUid:1bb9e34d-ab83-4a2b-9089-2b00dcfea73d
11-24 18:47:34 com_github_MitjaNemec_ReplicateLayout.replicate_layout 986:Dst text UUid:d7c44332-71f7-47fe-9ee6-be1df7033b86
11-24 18:47:34 com_github_MitjaNemec_ReplicateLayout.replicate_layout 985:Src text UUid:fefd7701-8d98-4af5-812f-6e1d9607d415
11-24 18:47:34 com_github_MitjaNemec_ReplicateLayout.replicate_layout 986:Dst text UUid:eb536eba-8626-4e9b-9dd1-0f6963b9ef41
11-24 18:47:34 com_github_MitjaNemec_ReplicateLayout.replicate_layout 985:Src text UUid:d174b303-cff2-4eab-9f17-7eb46f4fa2dc
11-24 18:47:34 com_github_MitjaNemec_ReplicateLayout.replicate_layout 986:Dst text UUid:f59de099-3b3a-4397-be31-2d9d1b66cd6c
11-24 18:47:34 com_github_MitjaNemec_ReplicateLayout.replicate_layout 985:Src text UUid:a10d674d-63d2-4f8e-892b-3fd89c733215
11-24 18:47:34 com_github_MitjaNemec_ReplicateLayout.replicate_layout 986:Dst text UUid:d53a783b-1fa7-44c1-bba8-d870c45cb16b
11-24 18:47:34 com_github_MitjaNemec_ReplicateLayout.replicate_layout 985:Src text UUid:16c9b953-ec5d-465c-9991-dc6b932b8a63
11-24 18:47:34 com_github_MitjaNemec_ReplicateLayout.replicate_layout 986:Dst text UUid:f5c2500f-8f58-49c0-8ab7-7771b0041f5f
11-24 18:47:34 com_github_MitjaNemec_ReplicateLayout.replicate_layout 985:Src text UUid:c697f4c4-53da-40e7-97c6-7fabb11217e7
11-24 18:47:34 com_github_MitjaNemec_ReplicateLayout.replicate_layout 986:Dst text UUid:3d49450b-a8de-4fc3-8cb5-f827e17e8026
11-24 18:47:34 com_github_MitjaNemec_ReplicateLayout.replicate_layout 985:Src text UUid:2fc857af-3548-45b0-a453-0ce63b97a9d6
11-24 18:47:34 com_github_MitjaNemec_ReplicateLayout.replicate_layout 986:Dst text UUid:b57bfbe5-d877-412a-a8bc-cfc09acc8757
11-24 18:47:34 com_github_MitjaNemec_ReplicateLayout.replicate_layout 985:Src text UUid:31cf0847-7fd7-43ed-b305-1fca13d6a670
11-24 18:47:34 com_github_MitjaNemec_ReplicateLayout.replicate_layout 986:Dst text UUid:cac13247-0527-4a3c-b0e6-5e6b701f3307
11-24 18:47:34 com_github_MitjaNemec_ReplicateLayout.replicate_layout 985:Src text UUid:3c22d550-5b39-4544-9f86-19629a2c506a
11-24 18:47:34 com_github_MitjaNemec_ReplicateLayout.replicate_layout 986:Dst text UUid:30e19d4c-cd37-4b87-a135-b87ae0597560
11-24 18:47:34 com_github_MitjaNemec_ReplicateLayout.replicate_layout 985:Src text UUid:0ecb1211-5864-49aa-b495-204f48247a42
11-24 18:47:34 com_github_MitjaNemec_ReplicateLayout.replicate_layout 986:Dst text UUid:4fc18434-aa2a-4b09-a12f-a14ea70f4b6c
11-24 18:47:34 com_github_MitjaNemec_ReplicateLayout.replicate_layout 985:Src text UUid:44933aab-fa3e-4471-9c7e-7c1980dbf7b4
11-24 18:47:34 com_github_MitjaNemec_ReplicateLayout.replicate_layout 986:Dst text UUid:ec8a5e76-9898-4835-9e69-af484c07782c
11-24 18:47:34 com_github_MitjaNemec_ReplicateLayout.replicate_layout 985:Src text UUid:a135467b-4e01-4805-9322-93f24325cdf4
11-24 18:47:34 com_github_MitjaNemec_ReplicateLayout.replicate_layout 986:Dst text UUid:aa5c5c7d-7cd6-4483-9ee3-1ea00131e4e5
11-24 18:47:34 com_github_MitjaNemec_ReplicateLayout.replicate_layout 985:Src text UUid:64bbaf70-460d-4bbe-9d75-84fd28f43642
11-24 18:47:34 com_github_MitjaNemec_ReplicateLayout.replicate_layout 986:Dst text UUid:f52fa6b4-7cd1-450a-af91-bb9c406661e7
11-24 18:47:34 com_github_MitjaNemec_ReplicateLayout.replicate_layout 985:Src text UUid:cda5374f-7783-468f-a211-ed5ee64d86ed
11-24 18:47:34 com_github_MitjaNemec_ReplicateLayout.replicate_layout 986:Dst text UUid:f3be3161-9ce4-42b9-bf51-4a05ad7994e4
11-24 18:47:34 com_github_MitjaNemec_ReplicateLayout.replicate_layout 985:Src text UUid:ba2952d1-dfbf-43ec-bb0d-329b9672bdf0
11-24 18:47:34 com_github_MitjaNemec_ReplicateLayout.replicate_layout 986:Dst text UUid:122397ca-a32b-412e-b671-9dab52110d78
11-24 18:47:34 com_github_MitjaNemec_ReplicateLayout.replicate_layout 985:Src text UUid:b0221122-9b4b-43cb-91c5-ca6f73c60f42
11-24 18:47:34 com_github_MitjaNemec_ReplicateLayout.replicate_layout 986:Dst text UUid:3c1cab29-9b4d-4da4-a385-01577d308990
11-24 18:47:34 com_github_MitjaNemec_ReplicateLayout.replicate_layout 985:Src text UUid:a1055f8e-50e4-4728-818d-5e8c9f4ffb79
11-24 18:47:34 com_github_MitjaNemec_ReplicateLayout.replicate_layout 986:Dst text UUid:d52aefd3-b774-4b17-ba1b-246a14d7f24b
11-24 18:47:34 com_github_MitjaNemec_ReplicateLayout.replicate_layout 985:Src text UUid:bad4dea7-2790-402a-a4fe-2f78fa7628a2
11-24 18:47:34 com_github_MitjaNemec_ReplicateLayout.replicate_layout 986:Dst text UUid:45e73166-91a1-458b-9874-5b2e86f82116
11-24 18:47:34 com_github_MitjaNemec_ReplicateLayout.replicate_layout 985:Src text UUid:a9532cee-f0e8-4ab6-a4d6-1432119351af
11-24 18:47:34 com_github_MitjaNemec_ReplicateLayout.replicate_layout 986:Dst text UUid:8c549c73-0452-4d07-bf13-28c10f46b32a
11-24 18:47:34 com_github_MitjaNemec_ReplicateLayout.replicate_layout 985:Src text UUid:780dd75e-eec9-4d28-9465-5913a9c5c1ae
11-24 18:47:34 com_github_MitjaNemec_ReplicateLayout.replicate_layout 986:Dst text UUid:47df1eee-19eb-4ff8-82f5-5f2e738ca880
11-24 18:47:34 com_github_MitjaNemec_ReplicateLayout.replicate_layout 985:Src text UUid:e273c3dc-52da-45c3-8202-285eb9f02bb3
11-24 18:47:34 com_github_MitjaNemec_ReplicateLayout.replicate_layout 986:Dst text UUid:0acc4d20-b611-45d4-8cd4-8ac8e2488a20
11-24 18:47:34 com_github_MitjaNemec_ReplicateLayout.replicate_layout 985:Src text UUid:b3701ad6-3c88-4517-9c92-203a7ec51df7
11-24 18:47:34 com_github_MitjaNemec_ReplicateLayout.replicate_layout 986:Dst text UUid:6e8ad6f6-bc61-4abb-81ed-181e0498c073
11-24 18:47:34 com_github_MitjaNemec_ReplicateLayout.replicate_layout 985:Src text UUid:afd0f50f-2fdf-42a4-86b6-e419ef385bc3
11-24 18:47:34 com_github_MitjaNemec_ReplicateLayout.replicate_layout 986:Dst text UUid:89bffd0f-236c-48da-8ebe-42e93cdb84b8
11-24 18:47:34 com_github_MitjaNemec_ReplicateLayout.replicate_layout 985:Src text UUid:c166c076-f948-4e26-9f18-dc22b78effbf
11-24 18:47:34 com_github_MitjaNemec_ReplicateLayout.replicate_layout 986:Dst text UUid:01ca2bbb-446c-45a4-bc78-3c21323826b8
11-24 18:47:34 com_github_MitjaNemec_ReplicateLayout.replicate_layout 985:Src text UUid:45e35f4b-34b1-437f-9013-9f6d888ccf7b
11-24 18:47:34 com_github_MitjaNemec_ReplicateLayout.replicate_layout 986:Dst text UUid:85f6f048-1b33-482b-8fe6-202beb71c30e
11-24 18:47:34 com_github_MitjaNemec_ReplicateLayout.replicate_layout 985:Src text UUid:1369ad00-f3f1-465a-b453-8401fdbc1e0d
11-24 18:47:34 com_github_MitjaNemec_ReplicateLayout.replicate_layout 986:Dst text UUid:dd164ffd-5941-42dd-92f3-2d7dafcb460c
11-24 18:47:34 com_github_MitjaNemec_ReplicateLayout.replicate_layout 985:Src text UUid:e1e8299a-a410-43d8-b5c6-4830ba26258b
11-24 18:47:34 com_github_MitjaNemec_ReplicateLayout.replicate_layout 986:Dst text UUid:eccafed0-fdee-4d92-9f98-950744e838ad
11-24 18:47:34 com_github_MitjaNemec_ReplicateLayout.replicate_layout 985:Src text UUid:20afb26f-9e3f-4d0e-9eb0-b9fbd2b44975
11-24 18:47:34 com_github_MitjaNemec_ReplicateLayout.replicate_layout 986:Dst text UUid:19126274-e2d7-4da4-9f6c-77d15d214f6a
11-24 18:47:34 com_github_MitjaNemec_ReplicateLayout.replicate_layout 985:Src text UUid:e46310cf-e2b6-430b-8284-4a7bb03931f8
11-24 18:47:34 com_github_MitjaNemec_ReplicateLayout.replicate_layout 986:Dst text UUid:97a288d8-61c1-4d5d-b3c5-56dc9bb3fab5
11-24 18:47:34 com_github_MitjaNemec_ReplicateLayout.replicate_layout 985:Src text UUid:73086503-13fb-412f-9bc6-fc52e066603a
11-24 18:47:34 com_github_MitjaNemec_ReplicateLayout.replicate_layout 986:Dst text UUid:f9cbc414-9668-4622-8f2a-12b630968ff2
11-24 18:47:34 com_github_MitjaNemec_ReplicateLayout.replicate_layout 985:Src text UUid:61c9ea15-fdf9-4dc3-aab5-3c554ffd6c81
11-24 18:47:34 com_github_MitjaNemec_ReplicateLayout.replicate_layout 986:Dst text UUid:a0159a6e-cf92-47dc-8280-a66c8d94c3c5
11-24 18:47:34 com_github_MitjaNemec_ReplicateLayout.replicate_layout 985:Src text UUid:4fa09560-3162-43df-a980-c7fa815a20c4
11-24 18:47:34 com_github_MitjaNemec_ReplicateLayout.replicate_layout 986:Dst text UUid:6025c8d9-1ef0-482b-8098-05ad11e3088a
11-24 18:47:34 com_github_MitjaNemec_ReplicateLayout.replicate_layout 985:Src text UUid:cad87700-8bd4-4899-a492-a261ff78e7d3
11-24 18:47:34 com_github_MitjaNemec_ReplicateLayout.replicate_layout 986:Dst text UUid:5a0fb86e-3401-48f9-a485-8fe71d216fdd
11-24 18:47:34 com_github_MitjaNemec_ReplicateLayout.replicate_layout 985:Src text UUid:0dcad1dd-ed0b-4a90-8758-4673e1b41ebd
11-24 18:47:34 com_github_MitjaNemec_ReplicateLayout.replicate_layout 986:Dst text UUid:5df42793-d3ac-48a0-a55a-97b8c2907ac3
11-24 18:47:34 com_github_MitjaNemec_ReplicateLayout.replicate_layout 985:Src text UUid:af6054f4-071e-4252-aab1-1767bb094181
11-24 18:47:34 com_github_MitjaNemec_ReplicateLayout.replicate_layout 986:Dst text UUid:d88a65d9-06b8-4040-b838-56fd01d43678
11-24 18:47:34 com_github_MitjaNemec_ReplicateLayout.replicate_layout 985:Src text UUid:e4a492b7-f294-43dc-a464-64bb3f8eaa1f
11-24 18:47:34 com_github_MitjaNemec_ReplicateLayout.replicate_layout 986:Dst text UUid:9db67d28-2270-43c2-8277-d700dc5bc4f4
11-24 18:47:34 com_github_MitjaNemec_ReplicateLayout.replicate_layout 985:Src text UUid:eb4629e7-9b69-41d0-a468-dba0afdfa119
11-24 18:47:34 com_github_MitjaNemec_ReplicateLayout.replicate_layout 986:Dst text UUid:211855b2-3aee-4e06-a85f-e4bb079efcbe
11-24 18:47:34 com_github_MitjaNemec_ReplicateLayout.replicate_layout 985:Src text UUid:8d9f7d42-7df9-4782-8b3a-46c90b211353
11-24 18:47:34 com_github_MitjaNemec_ReplicateLayout.replicate_layout 986:Dst text UUid:898a4f0b-494d-4b56-b551-949593c21c87
11-24 18:47:34 com_github_MitjaNemec_ReplicateLayout.replicate_layout 985:Src text UUid:06d3a283-660b-4969-b3ff-7afab6aee9f3
11-24 18:47:34 com_github_MitjaNemec_ReplicateLayout.replicate_layout 986:Dst text UUid:a994be2a-a71e-41a0-8871-88a57ac9e147
11-24 18:47:34 com_github_MitjaNemec_ReplicateLayout.replicate_layout 985:Src text UUid:c700d115-f5a5-4175-aba5-fe8417fe712e
11-24 18:47:34 com_github_MitjaNemec_ReplicateLayout.replicate_layout 986:Dst text UUid:2c353b8f-b413-4c28-b1ec-0c7130a0923c
11-24 18:47:34 com_github_MitjaNemec_ReplicateLayout.replicate_layout 985:Src text UUid:628707d1-a952-499d-876e-7f6ff4a5a3b2
11-24 18:47:34 com_github_MitjaNemec_ReplicateLayout.replicate_layout 986:Dst text UUid:a1923a25-e4ad-4c85-8145-1461e8af0fb7
11-24 18:47:34 com_github_MitjaNemec_ReplicateLayout.replicate_layout 985:Src text UUid:7f8e675f-239e-45df-8f04-512c31e16f4c
11-24 18:47:34 com_github_MitjaNemec_ReplicateLayout.replicate_layout 986:Dst text UUid:3c1d85a4-e274-4b7f-92cb-ecd5017f4303
11-24 18:47:34 com_github_MitjaNemec_ReplicateLayout.replicate_layout 985:Src text UUid:5e47f374-934f-49d8-8826-3505909bb4cd
11-24 18:47:34 com_github_MitjaNemec_ReplicateLayout.replicate_layout 986:Dst text UUid:4bc5312b-a04f-40e4-8145-bbccab035a12
11-24 18:47:34 com_github_MitjaNemec_ReplicateLayout.replicate_layout 985:Src text UUid:1e7c7d4b-8e51-45e1-9b87-63aea3e5f237
11-24 18:47:34 com_github_MitjaNemec_ReplicateLayout.replicate_layout 986:Dst text UUid:271a929a-fe9c-4c33-8974-f0cda7b88e59
11-24 18:47:34 com_github_MitjaNemec_ReplicateLayout.replicate_layout 985:Src text UUid:ac4e6dfb-320f-4a14-a96b-161d4b4b8c4c
11-24 18:47:34 com_github_MitjaNemec_ReplicateLayout.replicate_layout 986:Dst text UUid:f53c3dd0-1eb7-4e1c-ac2d-06f0fb51cd70
11-24 18:47:34 com_github_MitjaNemec_ReplicateLayout.replicate_layout 985:Src text UUid:a3daaa7e-106f-4e3b-854d-5d79b351513b
11-24 18:47:34 com_github_MitjaNemec_ReplicateLayout.replicate_layout 986:Dst text UUid:afacad7b-85b9-4938-9365-9e2b945c2626
11-24 18:47:34 com_github_MitjaNemec_ReplicateLayout.replicate_layout 985:Src text UUid:6f92bf80-cf7a-405f-b5fb-baf91ff40c5d
11-24 18:47:34 com_github_MitjaNemec_ReplicateLayout.replicate_layout 986:Dst text UUid:51965e78-e752-4096-b913-0dfa300592c5
11-24 18:47:34 com_github_MitjaNemec_ReplicateLayout.replicate_layout 985:Src text UUid:a4f010d5-ca7f-476d-9cb6-89397bc3fce3
11-24 18:47:34 com_github_MitjaNemec_ReplicateLayout.replicate_layout 986:Dst text UUid:194570cb-23cb-4388-b2b2-b5bfcafae8cf
11-24 18:47:34 com_github_MitjaNemec_ReplicateLayout.replicate_layout 985:Src text UUid:ea802c08-a248-4db8-9103-c90ac50ea15a
11-24 18:47:34 com_github_MitjaNemec_ReplicateLayout.replicate_layout 986:Dst text UUid:b8262dae-fd7a-421b-877c-a8e7644d0471
11-24 18:47:34 com_github_MitjaNemec_ReplicateLayout.replicate_layout 985:Src text UUid:f0434d94-b9fb-4b34-8eaf-271f90789a2f
11-24 18:47:34 com_github_MitjaNemec_ReplicateLayout.replicate_layout 986:Dst text UUid:cf6b197c-f333-45c1-9da7-f1d01ec13b56
11-24 18:47:34 com_github_MitjaNemec_ReplicateLayout.replicate_layout 985:Src text UUid:c5ea8ff5-42ee-483c-81c6-048b2fe89eea
11-24 18:47:34 com_github_MitjaNemec_ReplicateLayout.replicate_layout 986:Dst text UUid:883654ad-cb34-4b0a-9157-db59e3028f80
11-24 18:47:34 com_github_MitjaNemec_ReplicateLayout.replicate_layout 985:Src text UUid:5b6c758c-3769-4254-8d8f-b00baadfcfd4
11-24 18:47:34 com_github_MitjaNemec_ReplicateLayout.replicate_layout 986:Dst text UUid:97762876-0955-48c2-9a92-d09f720e3574
11-24 18:47:34 com_github_MitjaNemec_ReplicateLayout.replicate_layout 985:Src text UUid:92e96465-51f7-46ad-81eb-457f4f0a0e44
11-24 18:47:34 com_github_MitjaNemec_ReplicateLayout.replicate_layout 986:Dst text UUid:0396186e-0b52-4c2d-b86a-88c2aa5a01cd
11-24 18:47:34 com_github_MitjaNemec_ReplicateLayout.replicate_layout 985:Src text UUid:4c127726-6766-46fb-9e97-da1bee85fa8c
11-24 18:47:34 com_github_MitjaNemec_ReplicateLayout.replicate_layout 986:Dst text UUid:4ba78c7e-b8be-4e64-bb06-1a418175a6cc
11-24 18:47:34 com_github_MitjaNemec_ReplicateLayout.replicate_layout 985:Src text UUid:bdce956d-9835-4bb3-8249-2646bee024b7
11-24 18:47:34 com_github_MitjaNemec_ReplicateLayout.replicate_layout 986:Dst text UUid:3ddf719b-7b81-48d4-b14c-b6ab484ca300
11-24 18:47:34 com_github_MitjaNemec_ReplicateLayout.replicate_layout 985:Src text UUid:b7080af3-516a-47c9-b385-4c9b32cb2f7a
11-24 18:47:34 com_github_MitjaNemec_ReplicateLayout.replicate_layout 986:Dst text UUid:cede118c-9b34-44ca-a8a9-edccd0e3ee3b
11-24 18:47:34 com_github_MitjaNemec_ReplicateLayout.replicate_layout 985:Src text UUid:f1090735-b673-4540-baba-61acba81aeb5
11-24 18:47:34 com_github_MitjaNemec_ReplicateLayout.replicate_layout 986:Dst text UUid:e840e471-bead-4d18-a2be-f012d70110d3
11-24 18:47:34 com_github_MitjaNemec_ReplicateLayout.replicate_layout 985:Src text UUid:d86d094a-baba-4758-903c-27bba86a3ec8
11-24 18:47:34 com_github_MitjaNemec_ReplicateLayout.replicate_layout 986:Dst text UUid:93de435a-8d04-4b97-8bb0-60ab6a320d4a
11-24 18:47:34 com_github_MitjaNemec_ReplicateLayout.replicate_layout 985:Src text UUid:2155dc24-d499-4b25-8da7-14be70e17a1e
11-24 18:47:34 com_github_MitjaNemec_ReplicateLayout.replicate_layout 986:Dst text UUid:426dda8a-655f-4610-b6b5-b836c5fa8554
11-24 18:47:34 com_github_MitjaNemec_ReplicateLayout.replicate_layout 985:Src text UUid:8d6caa13-c97a-4ea4-bd99-7dcde8d1f0c2
11-24 18:47:34 com_github_MitjaNemec_ReplicateLayout.replicate_layout 986:Dst text UUid:c2691f83-6443-4116-9d01-3655f26ddcd3
11-24 18:47:34 com_github_MitjaNemec_ReplicateLayout.replicate_layout 985:Src text UUid:7148c10f-85e1-44dc-bd4b-f94a8ccc89de
11-24 18:47:34 com_github_MitjaNemec_ReplicateLayout.replicate_layout 986:Dst text UUid:f7a6b6d6-3ffd-43dc-8d52-3f94df67c01d
11-24 18:47:34 com_github_MitjaNemec_ReplicateLayout.replicate_layout 985:Src text UUid:04751d44-7c4f-4aa5-b592-3b41a786f6ed
11-24 18:47:34 com_github_MitjaNemec_ReplicateLayout.replicate_layout 986:Dst text UUid:4abcf263-a9da-4008-a0bb-4ce4bcf7b145
11-24 18:47:34 com_github_MitjaNemec_ReplicateLayout.replicate_layout 985:Src text UUid:ff6d3237-b63e-40f6-bd29-9ac8b54ec6e8
11-24 18:47:34 com_github_MitjaNemec_ReplicateLayout.replicate_layout 986:Dst text UUid:df882e04-eaba-4527-a13d-241b83733412
11-24 18:47:34 com_github_MitjaNemec_ReplicateLayout.replicate_layout 985:Src text UUid:34bca960-afbd-406e-8191-5a84944b2867
11-24 18:47:34 com_github_MitjaNemec_ReplicateLayout.replicate_layout 986:Dst text UUid:c79bf7ef-934c-45ea-81b9-28662176c925
11-24 18:47:34 com_github_MitjaNemec_ReplicateLayout.replicate_layout 985:Src text UUid:0984fb43-c1fc-457a-b51f-656c03d535d0
11-24 18:47:34 com_github_MitjaNemec_ReplicateLayout.replicate_layout 986:Dst text UUid:dfd783b0-aaef-4ce2-b701-dc63068a1d0c
11-24 18:47:34 com_github_MitjaNemec_ReplicateLayout.replicate_layout 985:Src text UUid:b893d091-46a0-4559-94ab-ecd35c82c8ce
11-24 18:47:34 com_github_MitjaNemec_ReplicateLayout.replicate_layout 986:Dst text UUid:4b265c81-f3a3-4f4d-9a8a-0e37bda5eb81
11-24 18:47:34 com_github_MitjaNemec_ReplicateLayout.replicate_layout 985:Src text UUid:8ea6f270-4ca7-489f-b10d-be3832fd9c1f
11-24 18:47:34 com_github_MitjaNemec_ReplicateLayout.replicate_layout 986:Dst text UUid:54fb08c3-c493-4b4c-9d56-a80a44f0879f
11-24 18:47:34 com_github_MitjaNemec_ReplicateLayout.replicate_layout 985:Src text UUid:704c1ef5-4378-4ea7-880b-2371ab76debe
11-24 18:47:34 com_github_MitjaNemec_ReplicateLayout.replicate_layout 986:Dst text UUid:685c1bf9-3725-4087-ae5f-48c024009075
11-24 18:47:34 com_github_MitjaNemec_ReplicateLayout.replicate_layout 985:Src text UUid:b3475fa2-c858-4d7f-bd49-eefc90eeafcb
11-24 18:47:34 com_github_MitjaNemec_ReplicateLayout.replicate_layout 986:Dst text UUid:05fafbe0-17f7-4568-bba5-a5d44534439c
11-24 18:47:34 com_github_MitjaNemec_ReplicateLayout.replicate_layout 985:Src text UUid:6fcf2bfc-ea83-4bf2-aa6e-b04446c1dde0
11-24 18:47:34 com_github_MitjaNemec_ReplicateLayout.replicate_layout 986:Dst text UUid:a8153f11-8067-4ed9-a7b5-9bb617208e98
11-24 18:47:34 com_github_MitjaNemec_ReplicateLayout.replicate_layout 985:Src text UUid:d0f3af1c-1758-4f65-b147-f02387fc9889
11-24 18:47:34 com_github_MitjaNemec_ReplicateLayout.replicate_layout 986:Dst text UUid:d2526e4d-451b-4901-9524-d9fac8168d72
11-24 18:47:34 com_github_MitjaNemec_ReplicateLayout.replicate_layout 985:Src text UUid:9b7a4444-416f-4f17-bc70-1eeb8a98a90e
11-24 18:47:34 com_github_MitjaNemec_ReplicateLayout.replicate_layout 986:Dst text UUid:2e9ea810-60e4-4a6b-b41d-621b0e471e68
11-24 18:47:34 com_github_MitjaNemec_ReplicateLayout.replicate_layout 985:Src text UUid:df23421a-1636-4404-a2af-1f59e5139119
11-24 18:47:34 com_github_MitjaNemec_ReplicateLayout.replicate_layout 986:Dst text UUid:96a8437a-5e1b-44de-b15f-f9678e0907bf
11-24 18:47:34 com_github_MitjaNemec_ReplicateLayout.replicate_layout 985:Src text UUid:66014551-2bf3-45c5-92ca-39b7fb9b37ef
11-24 18:47:34 com_github_MitjaNemec_ReplicateLayout.replicate_layout 986:Dst text UUid:9572ac32-5597-4453-8d14-d586869e4f87
11-24 18:47:34 com_github_MitjaNemec_ReplicateLayout.replicate_layout 985:Src text UUid:a1503d5f-3e7b-467a-85e3-fae64a937dc7
11-24 18:47:34 com_github_MitjaNemec_ReplicateLayout.replicate_layout 986:Dst text UUid:00136344-4f86-4055-a5eb-7f1b63bdbda6
11-24 18:47:34 com_github_MitjaNemec_ReplicateLayout.replicate_layout 985:Src text UUid:62ff8a31-7eea-40ba-839c-1557635aa2a5
11-24 18:47:34 com_github_MitjaNemec_ReplicateLayout.replicate_layout 986:Dst text UUid:915016a0-230a-4f29-a090-873eef69c2c7
11-24 18:47:34 com_github_MitjaNemec_ReplicateLayout.replicate_layout 985:Src text UUid:3c30bdac-e05f-494b-af59-9e1a56b5d5c6
11-24 18:47:34 com_github_MitjaNemec_ReplicateLayout.replicate_layout 986:Dst text UUid:e02834cf-9e27-4214-a31b-7c78295e0f3a
11-24 18:47:34 com_github_MitjaNemec_ReplicateLayout.replicate_layout 985:Src text UUid:2c4327bd-af3a-4953-aad8-bc9c8dda5dd9
11-24 18:47:34 com_github_MitjaNemec_ReplicateLayout.replicate_layout 986:Dst text UUid:b240c68c-02dd-4e3e-803c-37d452e3f4aa
11-24 18:47:34 com_github_MitjaNemec_ReplicateLayout.replicate_layout 985:Src text UUid:ecabb27c-3bfa-4cfa-8c04-b1fb6055482c
11-24 18:47:34 com_github_MitjaNemec_ReplicateLayout.replicate_layout 986:Dst text UUid:04a6e017-c0bc-4138-911b-a3455e9dc441
11-24 18:47:34 com_github_MitjaNemec_ReplicateLayout.replicate_layout 985:Src text UUid:11d481a5-c9b0-480a-9c66-9d64096dfb18
11-24 18:47:34 com_github_MitjaNemec_ReplicateLayout.replicate_layout 986:Dst text UUid:079c2795-9925-4603-8629-4daaf061a3bc
11-24 18:47:34 com_github_MitjaNemec_ReplicateLayout.replicate_layout 985:Src text UUid:5c9744de-b3de-4fe2-b571-be6f968224f2
11-24 18:47:34 com_github_MitjaNemec_ReplicateLayout.replicate_layout 986:Dst text UUid:60dea043-a25e-41d2-bafc-6a58808f6ad1
11-24 18:47:34 com_github_MitjaNemec_ReplicateLayout.replicate_layout 985:Src text UUid:46ee0526-7376-46cf-9398-b93528472947
11-24 18:47:34 com_github_MitjaNemec_ReplicateLayout.replicate_layout 986:Dst text UUid:8552dbec-6dd0-4fef-8c78-95ddc3a928a2
11-24 18:47:34 com_github_MitjaNemec_ReplicateLayout.replicate_layout 985:Src text UUid:c78a29fe-3a1d-4554-98cf-1a12d211c73c
11-24 18:47:34 com_github_MitjaNemec_ReplicateLayout.replicate_layout 986:Dst text UUid:ef05a868-86a7-4156-a5ca-834b25688b7d
11-24 18:47:34 com_github_MitjaNemec_ReplicateLayout.replicate_layout 985:Src text UUid:7ba5a68f-0eaf-47a9-982c-032f5d760748
11-24 18:47:34 com_github_MitjaNemec_ReplicateLayout.replicate_layout 986:Dst text UUid:5eec31fc-dcbc-4391-afe7-e7c253ed5437
11-24 18:47:34 com_github_MitjaNemec_ReplicateLayout.replicate_layout 985:Src text UUid:2caef11a-d81f-477d-8f2e-6fe1c67d46ef
11-24 18:47:34 com_github_MitjaNemec_ReplicateLayout.replicate_layout 986:Dst text UUid:c3066181-b12e-494b-aed8-bbae0cf545b2
11-24 18:47:34 com_github_MitjaNemec_ReplicateLayout.replicate_layout 985:Src text UUid:7910e177-330c-4540-9497-c198463c2757
11-24 18:47:34 com_github_MitjaNemec_ReplicateLayout.replicate_layout 986:Dst text UUid:9325a2f9-7e55-4bca-9559-f5d5bc3fa513
11-24 18:47:34 com_github_MitjaNemec_ReplicateLayout.replicate_layout 985:Src text UUid:be3b7b67-3fc2-4f78-ada6-7ccc87f3977e
11-24 18:47:34 com_github_MitjaNemec_ReplicateLayout.replicate_layout 986:Dst text UUid:b7812406-2b2c-44ef-9097-6800252bbd99
11-24 18:47:34 com_github_MitjaNemec_ReplicateLayout.replicate_layout 985:Src text UUid:6c28821a-c3d3-45d3-b41e-64a9c2dd5e70
11-24 18:47:34 com_github_MitjaNemec_ReplicateLayout.replicate_layout 986:Dst text UUid:717f2779-b6cb-45f7-afc9-f3187eb7a5f4
11-24 18:47:34 com_github_MitjaNemec_ReplicateLayout.replicate_layout 985:Src text UUid:502e54d7-40e7-4d62-b31a-b5a8a0ca3692
11-24 18:47:34 com_github_MitjaNemec_ReplicateLayout.replicate_layout 986:Dst text UUid:3a9e1adb-7693-4c34-b1c4-c26b5a91593c
11-24 18:47:34 com_github_MitjaNemec_ReplicateLayout.replicate_layout 985:Src text UUid:4b6b5ed2-c4e1-42d0-9b74-2278c9ae3ea0
11-24 18:47:34 com_github_MitjaNemec_ReplicateLayout.replicate_layout 986:Dst text UUid:f4e89880-90d7-4ab6-b905-1612e45181af
11-24 18:47:34 com_github_MitjaNemec_ReplicateLayout.replicate_layout 985:Src text UUid:b88e7127-3922-46c9-adc2-5547be5172fa
11-24 18:47:34 com_github_MitjaNemec_ReplicateLayout.replicate_layout 986:Dst text UUid:548b4e1f-2435-4a1f-8507-e612b6b70828
11-24 18:47:34 com_github_MitjaNemec_ReplicateLayout.replicate_layout 985:Src text UUid:6163e195-1544-4173-8c49-74b10f67eeb7
11-24 18:47:34 com_github_MitjaNemec_ReplicateLayout.replicate_layout 986:Dst text UUid:375efa15-e150-4146-adb0-da5a348980cb
11-24 18:47:34 com_github_MitjaNemec_ReplicateLayout.replicate_layout 985:Src text UUid:7cc46caf-d5b0-4411-890e-a3af596486c9
11-24 18:47:34 com_github_MitjaNemec_ReplicateLayout.replicate_layout 986:Dst text UUid:35b74719-1bee-42c1-97ab-f0f64dd94915
11-24 18:47:34 com_github_MitjaNemec_ReplicateLayout.replicate_layout 985:Src text UUid:9438e973-2784-4627-a650-28319bf49447
11-24 18:47:34 com_github_MitjaNemec_ReplicateLayout.replicate_layout 986:Dst text UUid:1dcd3e88-a7dc-45d4-b978-37b6632b3110
11-24 18:47:34 com_github_MitjaNemec_ReplicateLayout.replicate_layout 985:Src text UUid:8d0b629d-d511-446b-8c3c-93554868aa95
11-24 18:47:34 com_github_MitjaNemec_ReplicateLayout.replicate_layout 986:Dst text UUid:d47bdb97-f340-4b7f-8113-a3ba4358bb6a
11-24 18:47:34 com_github_MitjaNemec_ReplicateLayout.replicate_layout 985:Src text UUid:1c4d7c74-ae28-49d7-a2ba-184a2a7c0ffc
11-24 18:47:34 com_github_MitjaNemec_ReplicateLayout.replicate_layout 986:Dst text UUid:53a47cf6-931e-4e30-b400-a668658c22c0
11-24 18:47:34 com_github_MitjaNemec_ReplicateLayout.replicate_layout 985:Src text UUid:98faf37e-0d25-462b-be4b-5cb03ece92d2
11-24 18:47:34 com_github_MitjaNemec_ReplicateLayout.replicate_layout 986:Dst text UUid:b4aa17f4-f21c-4cb9-8cd4-c8f54414a5dc
11-24 18:47:34 com_github_MitjaNemec_ReplicateLayout.replicate_layout 985:Src text UUid:7f5ad198-94a1-4ac9-8d54-c7748d80f48f
11-24 18:47:34 com_github_MitjaNemec_ReplicateLayout.replicate_layout 986:Dst text UUid:4a8985ee-1a72-4392-8cc8-0f32fab29012
11-24 18:47:34 com_github_MitjaNemec_ReplicateLayout.replicate_layout 985:Src text UUid:93a7df84-32ef-465c-8bfb-d77bd7c3c981
11-24 18:47:34 com_github_MitjaNemec_ReplicateLayout.replicate_layout 986:Dst text UUid:b12b41d6-8453-4e64-a5f3-7c97be427e21
11-24 18:47:34 com_github_MitjaNemec_ReplicateLayout.replicate_layout 985:Src text UUid:63b163ef-9251-41ef-9dec-1f2225fc004f
11-24 18:47:34 com_github_MitjaNemec_ReplicateLayout.replicate_layout 986:Dst text UUid:9da91465-8573-4101-8fd5-4cf42a87639e
11-24 18:47:34 com_github_MitjaNemec_ReplicateLayout.replicate_layout 985:Src text UUid:92ba5a8b-646e-445f-824c-3467b38a9050
11-24 18:47:34 com_github_MitjaNemec_ReplicateLayout.replicate_layout 986:Dst text UUid:6dd2643a-1bb8-406e-862c-8fec77147472
11-24 18:47:34 com_github_MitjaNemec_ReplicateLayout.replicate_layout 985:Src text UUid:e7540d2f-7605-4856-9424-49a38901010d
11-24 18:47:34 com_github_MitjaNemec_ReplicateLayout.replicate_layout 986:Dst text UUid:db3fc759-8874-4504-9ce9-180fe5896b40
11-24 18:47:34 com_github_MitjaNemec_ReplicateLayout.replicate_layout 985:Src text UUid:5a97601c-cf8e-406e-b7d0-476a922c5984
11-24 18:47:34 com_github_MitjaNemec_ReplicateLayout.replicate_layout 986:Dst text UUid:22943660-0247-4483-ac89-150f82475c9d
11-24 18:47:34 com_github_MitjaNemec_ReplicateLayout.replicate_layout 985:Src text UUid:2f3c2237-c1d5-489c-aafb-9646899ca4c0
11-24 18:47:34 com_github_MitjaNemec_ReplicateLayout.replicate_layout 986:Dst text UUid:077c76d4-a4c2-472c-97c9-25075ce42e2e
11-24 18:47:34 root 337:updating GUI with: 86
11-24 18:47:34 com_github_MitjaNemec_ReplicateLayout.replicate_layout 985:Src text UUid:ac475511-3489-47b5-ab0b-ee000cd9b83e
11-24 18:47:34 com_github_MitjaNemec_ReplicateLayout.replicate_layout 986:Dst text UUid:133ca813-3e11-4ffe-a1dd-c28681ecb11d
11-24 18:47:34 com_github_MitjaNemec_ReplicateLayout.replicate_layout 985:Src text UUid:abf7e9e9-46ce-4c2f-bd9d-7c341c6fbf21
11-24 18:47:34 com_github_MitjaNemec_ReplicateLayout.replicate_layout 986:Dst text UUid:09f88562-71a9-4368-86f2-a5985a3790ef
11-24 18:47:34 com_github_MitjaNemec_ReplicateLayout.replicate_layout 985:Src text UUid:234a55d8-ddb4-4f51-a6bf-040f5cd58113
11-24 18:47:34 com_github_MitjaNemec_ReplicateLayout.replicate_layout 986:Dst text UUid:267373d2-558b-4c1a-9921-37a17e15ea84
11-24 18:47:34 com_github_MitjaNemec_ReplicateLayout.replicate_layout 985:Src text UUid:db32d753-d812-468a-85d9-482126a2cda9
11-24 18:47:34 com_github_MitjaNemec_ReplicateLayout.replicate_layout 986:Dst text UUid:9bf74bad-ef97-4369-8e14-2ccda9023e39
11-24 18:47:34 com_github_MitjaNemec_ReplicateLayout.replicate_layout 985:Src text UUid:6cc8ce31-6f6e-4921-9f9e-bad86600398e
11-24 18:47:34 com_github_MitjaNemec_ReplicateLayout.replicate_layout 986:Dst text UUid:ab62f14f-fd7a-4a95-a5b1-743e9c6692ba
11-24 18:47:34 com_github_MitjaNemec_ReplicateLayout.replicate_layout 985:Src text UUid:9fa474f4-bfeb-4ada-9062-474795e77ea3
11-24 18:47:34 com_github_MitjaNemec_ReplicateLayout.replicate_layout 986:Dst text UUid:1e0d7948-6a8e-4044-bbbf-417a603a8285
11-24 18:47:34 com_github_MitjaNemec_ReplicateLayout.replicate_layout 985:Src text UUid:55566ef0-c20d-40c8-a89f-c6448fc06c6c
11-24 18:47:34 com_github_MitjaNemec_ReplicateLayout.replicate_layout 986:Dst text UUid:aa49cf0d-0f5c-4169-bff0-08d0dc49684e
11-24 18:47:34 com_github_MitjaNemec_ReplicateLayout.replicate_layout 985:Src text UUid:1dae69d6-8286-44f0-961b-184fec1999d9
11-24 18:47:34 com_github_MitjaNemec_ReplicateLayout.replicate_layout 986:Dst text UUid:0b53215c-02ef-48e9-a2c7-3d77f7e8eed5
11-24 18:47:34 com_github_MitjaNemec_ReplicateLayout.replicate_layout 985:Src text UUid:9314e57c-bff3-4450-b9e3-5b2c487775a1
11-24 18:47:34 com_github_MitjaNemec_ReplicateLayout.replicate_layout 986:Dst text UUid:02cdc73f-c805-4f27-9b68-d24214c608fb
11-24 18:47:34 com_github_MitjaNemec_ReplicateLayout.replicate_layout 985:Src text UUid:633e4214-46f0-41cd-9c51-9ef58ffb5c99
11-24 18:47:34 com_github_MitjaNemec_ReplicateLayout.replicate_layout 986:Dst text UUid:b05dcc26-4f48-4c00-987b-9660ed2afe33
11-24 18:47:34 com_github_MitjaNemec_ReplicateLayout.replicate_layout 985:Src text UUid:c3c46fcb-f8e9-49af-ae4f-16f84f336bde
11-24 18:47:34 com_github_MitjaNemec_ReplicateLayout.replicate_layout 986:Dst text UUid:380454f9-4696-4c0b-be2e-18d4d0670935
11-24 18:47:34 com_github_MitjaNemec_ReplicateLayout.replicate_layout 985:Src text UUid:7bd14823-9288-458c-a4ee-8c43e0ee56f2
11-24 18:47:34 com_github_MitjaNemec_ReplicateLayout.replicate_layout 986:Dst text UUid:bb2662d9-2f05-4a86-8001-33bd683b9efe
11-24 18:47:34 com_github_MitjaNemec_ReplicateLayout.replicate_layout 985:Src text UUid:f9646cbf-8c28-4722-b468-59e6f51bfced
11-24 18:47:34 com_github_MitjaNemec_ReplicateLayout.replicate_layout 986:Dst text UUid:b1458b23-11b4-4503-ba10-027464ba993b
11-24 18:47:34 com_github_MitjaNemec_ReplicateLayout.replicate_layout 985:Src text UUid:a76aedf6-08a2-4bf0-8787-3a7c80ae88f0
11-24 18:47:34 com_github_MitjaNemec_ReplicateLayout.replicate_layout 986:Dst text UUid:06c492b0-18c2-4655-8de0-4dab29d42c62
11-24 18:47:34 com_github_MitjaNemec_ReplicateLayout.replicate_layout 985:Src text UUid:66f887be-27fe-40c6-b47c-455f8a7b1216
11-24 18:47:34 com_github_MitjaNemec_ReplicateLayout.replicate_layout 986:Dst text UUid:fb04d552-46cc-4083-b16d-d96ab127e2af
11-24 18:47:34 com_github_MitjaNemec_ReplicateLayout.replicate_layout 985:Src text UUid:0a1e018d-d332-4e70-af87-8e80d2ca2960
11-24 18:47:34 com_github_MitjaNemec_ReplicateLayout.replicate_layout 986:Dst text UUid:be0af24e-a516-4dc0-96e0-6745e4ed24ab
11-24 18:47:34 com_github_MitjaNemec_ReplicateLayout.replicate_layout 985:Src text UUid:4509c777-2a8c-4a90-a49a-e7c9879ab189
11-24 18:47:34 com_github_MitjaNemec_ReplicateLayout.replicate_layout 986:Dst text UUid:8d52db97-0778-4b70-a644-0442494ca0ec
11-24 18:47:34 com_github_MitjaNemec_ReplicateLayout.replicate_layout 985:Src text UUid:3017dc50-41c4-4c0b-b915-b0da5bd4cd28
11-24 18:47:34 com_github_MitjaNemec_ReplicateLayout.replicate_layout 986:Dst text UUid:532761fd-4378-4673-b7cb-0c6be638a833
11-24 18:47:34 com_github_MitjaNemec_ReplicateLayout.replicate_layout 985:Src text UUid:fad2e302-a88b-4c3b-8d85-dec52f791d46
11-24 18:47:34 com_github_MitjaNemec_ReplicateLayout.replicate_layout 986:Dst text UUid:68ef1464-a164-4ea2-8ff7-874c20536eac
11-24 18:47:34 com_github_MitjaNemec_ReplicateLayout.replicate_layout 985:Src text UUid:a3bf77c9-1038-47ee-9623-9305dd1ed723
11-24 18:47:34 com_github_MitjaNemec_ReplicateLayout.replicate_layout 986:Dst text UUid:78e65dd2-0dce-4163-a10f-cb78a6b2aa06
11-24 18:47:34 com_github_MitjaNemec_ReplicateLayout.replicate_layout 985:Src text UUid:1b438c2f-2463-4ebe-956b-7dd5c13cbfa7
11-24 18:47:34 com_github_MitjaNemec_ReplicateLayout.replicate_layout 986:Dst text UUid:61ac74dc-5e1b-4bb3-bc16-7dda9046745d
11-24 18:47:34 com_github_MitjaNemec_ReplicateLayout.replicate_layout 985:Src text UUid:4199bbc4-e8d1-4665-b066-970d5def0fa0
11-24 18:47:34 com_github_MitjaNemec_ReplicateLayout.replicate_layout 986:Dst text UUid:4b792b16-9624-40f0-ad40-b5960f6d8466
11-24 18:47:34 com_github_MitjaNemec_ReplicateLayout.replicate_layout 985:Src text UUid:e2c68927-5dd7-408a-9d2a-0381e5b35759
11-24 18:47:34 com_github_MitjaNemec_ReplicateLayout.replicate_layout 986:Dst text UUid:4d77aee0-c3df-41e5-b449-cc8701adbb39
11-24 18:47:34 com_github_MitjaNemec_ReplicateLayout.replicate_layout 985:Src text UUid:44fea9a6-ac7c-4d0f-991a-9e536625f088
11-24 18:47:34 com_github_MitjaNemec_ReplicateLayout.replicate_layout 986:Dst text UUid:69b59ad1-29ca-4260-8d3f-e1f40eaac04e
11-24 18:47:34 com_github_MitjaNemec_ReplicateLayout.replicate_layout 985:Src text UUid:4dc5cf85-6923-458c-bb5c-aac40a317b71
11-24 18:47:34 com_github_MitjaNemec_ReplicateLayout.replicate_layout 986:Dst text UUid:c4e4e165-bdb6-4885-87ff-8b61bf8bd631
11-24 18:47:34 com_github_MitjaNemec_ReplicateLayout.replicate_layout 985:Src text UUid:0660c1fd-bd7d-4ec9-9f64-d7801ef3efb5
11-24 18:47:34 com_github_MitjaNemec_ReplicateLayout.replicate_layout 986:Dst text UUid:444e1943-489a-4633-bd42-8b2d984d2f14
11-24 18:47:34 com_github_MitjaNemec_ReplicateLayout.replicate_layout 985:Src text UUid:78f22c44-e40a-4add-8348-f7c0f978150c
11-24 18:47:34 com_github_MitjaNemec_ReplicateLayout.replicate_layout 986:Dst text UUid:b5e9e5eb-df1f-45e9-a395-01c87a25d7d1
11-24 18:47:34 com_github_MitjaNemec_ReplicateLayout.replicate_layout 985:Src text UUid:50403ed8-0b03-4db8-997a-a4f85efc74ef
11-24 18:47:34 com_github_MitjaNemec_ReplicateLayout.replicate_layout 986:Dst text UUid:081c913d-806d-4777-bc08-d1f7127d2291
11-24 18:47:34 com_github_MitjaNemec_ReplicateLayout.replicate_layout 985:Src text UUid:da722f29-bd61-4ab7-9d11-66bcaf025792
11-24 18:47:34 com_github_MitjaNemec_ReplicateLayout.replicate_layout 986:Dst text UUid:5c79cf8f-97ce-461a-9d12-21cd64eea672
11-24 18:47:34 com_github_MitjaNemec_ReplicateLayout.replicate_layout 985:Src text UUid:0aadf93b-eb8f-4986-ba77-b40c001cfa03
11-24 18:47:34 com_github_MitjaNemec_ReplicateLayout.replicate_layout 986:Dst text UUid:d87cf805-ed8a-42e8-a2dd-c6eea6917591
11-24 18:47:34 com_github_MitjaNemec_ReplicateLayout.replicate_layout 985:Src text UUid:b5350061-f27e-4d53-9d2a-9e237a1ab437
11-24 18:47:34 com_github_MitjaNemec_ReplicateLayout.replicate_layout 986:Dst text UUid:f59bdcc8-fff8-421c-b906-9876c90ae6f4
11-24 18:47:34 com_github_MitjaNemec_ReplicateLayout.replicate_layout 985:Src text UUid:da55de28-d35a-46b8-bb81-934ed3c882c8
11-24 18:47:34 com_github_MitjaNemec_ReplicateLayout.replicate_layout 986:Dst text UUid:6363b56d-45f9-4ddb-b1e5-864bb604ca21
11-24 18:47:34 com_github_MitjaNemec_ReplicateLayout.replicate_layout 985:Src text UUid:62e41912-3a94-44aa-9a43-cf7ed2815dc7
11-24 18:47:34 com_github_MitjaNemec_ReplicateLayout.replicate_layout 986:Dst text UUid:aa01c011-2274-40dd-a7f9-fd7247b64ec1
11-24 18:47:34 com_github_MitjaNemec_ReplicateLayout.replicate_layout 985:Src text UUid:fd1f566d-1c88-454c-b898-616c470a1bef
11-24 18:47:34 com_github_MitjaNemec_ReplicateLayout.replicate_layout 986:Dst text UUid:c1d04be7-b2b5-4d42-a487-c0d074c84944
11-24 18:47:34 com_github_MitjaNemec_ReplicateLayout.replicate_layout 985:Src text UUid:7fd6c9f1-2fde-4a07-afe5-27894ac5ab98
11-24 18:47:34 com_github_MitjaNemec_ReplicateLayout.replicate_layout 986:Dst text UUid:efbc29dc-3994-4ea7-b090-628899be1797
11-24 18:47:34 com_github_MitjaNemec_ReplicateLayout.replicate_layout 985:Src text UUid:fc7e9e82-3034-421e-8e5d-1085fe33c901
11-24 18:47:34 com_github_MitjaNemec_ReplicateLayout.replicate_layout 986:Dst text UUid:3b645711-ceea-4846-8758-46162b6b84c7
11-24 18:47:34 com_github_MitjaNemec_ReplicateLayout.replicate_layout 985:Src text UUid:8d9c6570-d5d5-464b-893d-6a8e30bb3970
11-24 18:47:34 com_github_MitjaNemec_ReplicateLayout.replicate_layout 986:Dst text UUid:d0e99f6f-3895-48ee-b8d7-4d78641cf0d2
11-24 18:47:34 com_github_MitjaNemec_ReplicateLayout.replicate_layout 985:Src text UUid:e26aa8a9-6a98-496f-bddd-d16647435f72
11-24 18:47:34 com_github_MitjaNemec_ReplicateLayout.replicate_layout 986:Dst text UUid:33f5701b-19b5-4f21-a2b9-3de7b4c23ca9
11-24 18:47:34 com_github_MitjaNemec_ReplicateLayout.replicate_layout 985:Src text UUid:7989c0ea-e7d2-42bf-b18f-3a6a4fe7867d
11-24 18:47:34 com_github_MitjaNemec_ReplicateLayout.replicate_layout 986:Dst text UUid:54713de6-959f-4c3e-aa42-ebc1830c387c
11-24 18:47:34 root 332:updating GUI message: 'Replicating tracks'
11-24 18:47:34 com_github_MitjaNemec_ReplicateLayout.replicate_layout 1009:Replicating tracks
11-24 18:47:34 com_github_MitjaNemec_ReplicateLayout.replicate_layout 1015:Replicating tracks on sheet ['LED Matrix Second Half']
11-24 18:47:34 com_github_MitjaNemec_ReplicateLayout.replicate_layout 792:Net pairs for sheet ['LED Matrix Second Half'] :[('SDA', 'SDA'), ('Net-(U2-CS3)', 'Net-(U7-CS3)'), ('Net-(U2-CS0)', 'Net-(U7-CS0)'), ('Net-(U2-CS12)', 'Net-(U7-CS12)'), ('/LED Matrix First Half/CS12', '/LED Matrix Second Half/CS12'), ('/LED Matrix First Half/CS18', '/LED Matrix Second Half/CS18'), ('+3V3', '+3V3'), ('/LED Matrix First Half/SW10', '/LED Matrix Second Half/SW10'), ('/LED Matrix First Half/SW8', '/LED Matrix Second Half/SW8'), ('/LED Matrix First Half/SW3', '/LED Matrix Second Half/SW3'), ('/LED Matrix First Half/SW4', '/LED Matrix Second Half/SW4'), ('VSYNC', 'VSYNC'), ('/LED Matrix First Half/CS15', '/LED Matrix Second Half/CS15'), ('Net-(U2-CS11)', 'Net-(U7-CS11)'), ('/LED Matrix First Half/SW9', '/LED Matrix Second Half/SW9'), ('/LED Matrix First Half/CS16', '/LED Matrix Second Half/CS16'), ('GND', 'VIO_EN'), ('/LED Matrix First Half/CS5', '/LED Matrix Second Half/CS5'), ('/LED Matrix First Half/CS11', '/LED Matrix Second Half/CS11'), ('unconnected-(D56-A-Pad3)', 'unconnected-(D124-A-Pad3)'), ('/LED Matrix First Half/SW0', '/LED Matrix Second Half/SW0'), ('Net-(U2-CS9)', 'Net-(U7-CS9)'), ('/LED Matrix First Half/CS10', '/LED Matrix Second Half/CS10'), ('/LED Matrix First Half/SW7', '/LED Matrix Second Half/SW7'), ('/LED Matrix First Half/SW2', '/LED Matrix Second Half/SW2'), ('/LED Matrix First Half/SW5', '/LED Matrix Second Half/SW5'), ('/LED Matrix First Half/CS14', '/LED Matrix Second Half/CS14'), ('/LED Matrix First Half/CS13', '/LED Matrix Second Half/CS13'), ('Net-(U2-CS14)', 'Net-(U7-CS14)'), ('Net-(U2-CS2)', 'Net-(U7-CS2)'), ('SCL', 'SCL'), ('/LED Matrix First Half/CS17', '/LED Matrix Second Half/CS17'), ('Net-(U2-CS16)', 'Net-(U7-CS16)'), ('Net-(U2-CS17)', 'Net-(U7-CS17)'), ('Net-(U2-CS4)', 'Net-(U7-CS4)'), ('+5V', '+5V'), ('unconnected-(D55-A-Pad3)', 'unconnected-(D123-A-Pad3)'), ('Net-(U2-CS15)', 'Net-(U7-CS15)'), ('Net-(U2-CS13)', 'Net-(U7-CS13)'), ('/LED Matrix First Half/CS0', '/LED Matrix Second Half/CS0'), ('GND', 'GND'), ('Net-(U2-CS7)', 'Net-(U7-CS7)'), ('Net-(U2-CS8)', 'Net-(U7-CS8)'), ('VIO_EN', 'VIO_EN'), ('/LED Matrix First Half/CS8', '/LED Matrix Second Half/CS8'), ('/LED Matrix First Half/CS9', '/LED Matrix Second Half/CS9'), ('/LED Matrix First Half/CS7', '/LED Matrix Second Half/CS7'), ('/LED Matrix First Half/CS4', '/LED Matrix Second Half/CS4'), ('/LED Matrix First Half/SW6', '/LED Matrix Second Half/SW6'), ('unconnected-(D58-A-Pad3)', 'unconnected-(D126-A-Pad3)'), ('Net-(U2-VCAP)', 'Net-(U7-VCAP)'), ('/LED Matrix First Half/SW1', '/LED Matrix Second Half/SW1'), ('Net-(U2-CS6)', 'Net-(U7-CS6)'), ('unconnected-(D59-A-Pad3)', 'unconnected-(D127-A-Pad3)'), ('unconnected-(D57-A-Pad3)', 'unconnected-(D125-A-Pad3)'), ('Net-(U2-CS10)', 'Net-(U7-CS10)'), ('/LED Matrix First Half/CS3', '/LED Matrix Second Half/CS3'), ('Net-(U2-CS1)', 'Net-(U7-CS1)'), ('/LED Matrix First Half/CS1', '/LED Matrix Second Half/CS1'), ('/LED Matrix First Half/CS6', '/LED Matrix Second Half/CS6'), ('Net-(U2-CS5)', 'Net-(U7-CS5)')]
11-24 18:47:34 root 332:updating GUI message: 'Replicating zones'
11-24 18:47:34 root 337:updating GUI with: 0
11-24 18:47:34 com_github_MitjaNemec_ReplicateLayout.replicate_layout 1079:Replicating zones
11-24 18:47:34 com_github_MitjaNemec_ReplicateLayout.replicate_layout 1086:Replicating zones on sheet ['LED Matrix Second Half']
11-24 18:47:34 com_github_MitjaNemec_ReplicateLayout.replicate_layout 792:Net pairs for sheet ['LED Matrix Second Half'] :[('SDA', 'SDA'), ('Net-(U2-CS3)', 'Net-(U7-CS3)'), ('Net-(U2-CS0)', 'Net-(U7-CS0)'), ('Net-(U2-CS12)', 'Net-(U7-CS12)'), ('/LED Matrix First Half/CS12', '/LED Matrix Second Half/CS12'), ('/LED Matrix First Half/CS18', '/LED Matrix Second Half/CS18'), ('+3V3', '+3V3'), ('/LED Matrix First Half/SW10', '/LED Matrix Second Half/SW10'), ('/LED Matrix First Half/SW8', '/LED Matrix Second Half/SW8'), ('/LED Matrix First Half/SW3', '/LED Matrix Second Half/SW3'), ('/LED Matrix First Half/SW4', '/LED Matrix Second Half/SW4'), ('VSYNC', 'VSYNC'), ('/LED Matrix First Half/CS15', '/LED Matrix Second Half/CS15'), ('Net-(U2-CS11)', 'Net-(U7-CS11)'), ('/LED Matrix First Half/SW9', '/LED Matrix Second Half/SW9'), ('/LED Matrix First Half/CS16', '/LED Matrix Second Half/CS16'), ('GND', 'VIO_EN'), ('/LED Matrix First Half/CS5', '/LED Matrix Second Half/CS5'), ('/LED Matrix First Half/CS11', '/LED Matrix Second Half/CS11'), ('unconnected-(D56-A-Pad3)', 'unconnected-(D124-A-Pad3)'), ('/LED Matrix First Half/SW0', '/LED Matrix Second Half/SW0'), ('Net-(U2-CS9)', 'Net-(U7-CS9)'), ('/LED Matrix First Half/CS10', '/LED Matrix Second Half/CS10'), ('/LED Matrix First Half/SW7', '/LED Matrix Second Half/SW7'), ('/LED Matrix First Half/SW2', '/LED Matrix Second Half/SW2'), ('/LED Matrix First Half/SW5', '/LED Matrix Second Half/SW5'), ('/LED Matrix First Half/CS14', '/LED Matrix Second Half/CS14'), ('/LED Matrix First Half/CS13', '/LED Matrix Second Half/CS13'), ('Net-(U2-CS14)', 'Net-(U7-CS14)'), ('Net-(U2-CS2)', 'Net-(U7-CS2)'), ('SCL', 'SCL'), ('/LED Matrix First Half/CS17', '/LED Matrix Second Half/CS17'), ('Net-(U2-CS16)', 'Net-(U7-CS16)'), ('Net-(U2-CS17)', 'Net-(U7-CS17)'), ('Net-(U2-CS4)', 'Net-(U7-CS4)'), ('+5V', '+5V'), ('unconnected-(D55-A-Pad3)', 'unconnected-(D123-A-Pad3)'), ('Net-(U2-CS15)', 'Net-(U7-CS15)'), ('Net-(U2-CS13)', 'Net-(U7-CS13)'), ('/LED Matrix First Half/CS0', '/LED Matrix Second Half/CS0'), ('GND', 'GND'), ('Net-(U2-CS7)', 'Net-(U7-CS7)'), ('Net-(U2-CS8)', 'Net-(U7-CS8)'), ('VIO_EN', 'VIO_EN'), ('/LED Matrix First Half/CS8', '/LED Matrix Second Half/CS8'), ('/LED Matrix First Half/CS9', '/LED Matrix Second Half/CS9'), ('/LED Matrix First Half/CS7', '/LED Matrix Second Half/CS7'), ('/LED Matrix First Half/CS4', '/LED Matrix Second Half/CS4'), ('/LED Matrix First Half/SW6', '/LED Matrix Second Half/SW6'), ('unconnected-(D58-A-Pad3)', 'unconnected-(D126-A-Pad3)'), ('Net-(U2-VCAP)', 'Net-(U7-VCAP)'), ('/LED Matrix First Half/SW1', '/LED Matrix Second Half/SW1'), ('Net-(U2-CS6)', 'Net-(U7-CS6)'), ('unconnected-(D59-A-Pad3)', 'unconnected-(D127-A-Pad3)'), ('unconnected-(D57-A-Pad3)', 'unconnected-(D125-A-Pad3)'), ('Net-(U2-CS10)', 'Net-(U7-CS10)'), ('/LED Matrix First Half/CS3', '/LED Matrix Second Half/CS3'), ('Net-(U2-CS1)', 'Net-(U7-CS1)'), ('/LED Matrix First Half/CS1', '/LED Matrix Second Half/CS1'), ('/LED Matrix First Half/CS6', '/LED Matrix Second Half/CS6'), ('Net-(U2-CS5)', 'Net-(U7-CS5)')]
11-24 18:47:34 root 332:updating GUI message: 'Replicating text'
11-24 18:47:34 root 337:updating GUI with: 0
11-24 18:47:34 com_github_MitjaNemec_ReplicateLayout.replicate_layout 1168:Replicating text
11-24 18:47:34 com_github_MitjaNemec_ReplicateLayout.replicate_layout 1175:Replicating text on sheet ['LED Matrix Second Half']
11-24 18:47:34 root 332:updating GUI message: 'Replicating drawings'
11-24 18:47:34 com_github_MitjaNemec_ReplicateLayout.replicate_layout 1219:Replicating drawings
11-24 18:47:34 com_github_MitjaNemec_ReplicateLayout.replicate_layout 1225:Replicating drawings on sheet ['LED Matrix Second Half']
11-24 18:47:34 com_github_MitjaNemec_ReplicateLayout.action_replicate_layout 256:Replication complete
